-------------------------------------------------------------------------------
Test set: TestSuite
-------------------------------------------------------------------------------
Tests run: 98, Failures: 7, Errors: 0, Skipped: 3, Time elapsed: 153.376 sec <<< FAILURE! - in TestSuite
creditCardPaymentRedemptionPost(api.CreditCardApiTest)  Time elapsed: 0.79 sec  <<< FAILURE!
java.lang.AssertionError: 
1 expectation failed.
Expected status code <200> but was <500>.

	at api.CreditCardApiTest.creditCardPaymentRedemptionPost(CreditCardApiTest.java:194)

depositTermDepositTermDepositDrawDownPost(api.DepositApiTest)  Time elapsed: 6.132 sec  <<< FAILURE!
java.lang.AssertionError: 
1 expectation failed.
Expected status code <200> but was <404>.

	at api.DepositApiTest.depositTermDepositTermDepositDrawDownPost(DepositApiTest.java:226)

depositTermDepositTermDepositRenewalPost(api.DepositApiTest)  Time elapsed: 0.764 sec  <<< FAILURE!
java.lang.AssertionError: 
1 expectation failed.
Expected status code <200> but was <404>.

	at api.DepositApiTest.depositTermDepositTermDepositRenewalPost(DepositApiTest.java:248)

depositTransactionLogEnquiryPost(api.DepositApiTest)  Time elapsed: 1.302 sec  <<< FAILURE!
java.lang.AssertionError: 
1 expectation failed.
Expected status code <200> but was <404>.

	at api.DepositApiTest.depositTransactionLogEnquiryPost(DepositApiTest.java:310)

leonMortageOverDueRepaymentEnquiryPost(api.LoanApiTest)  Time elapsed: 0.684 sec  <<< FAILURE!
java.lang.AssertionError: 
1 expectation failed.
Expected status code <200> but was <404>.

	at api.LoanApiTest.leonMortageOverDueRepaymentEnquiryPost(LoanApiTest.java:111)

investmentOrderRetrievalPost(api.InvestmentApiTest)  Time elapsed: 0.834 sec  <<< FAILURE!
java.lang.AssertionError: 
1 expectation failed.
Expected status code <200> but was <404>.

	at api.InvestmentApiTest.investmentOrderRetrievalPost(InvestmentApiTest.java:134)

leonMortageCancellationPost(api.LoanApiTest)  Time elapsed: 0.677 sec  <<< FAILURE!
java.lang.AssertionError: 
1 expectation failed.
Expected status code <200> but was <404>.

	at api.LoanApiTest.leonMortageCancellationPost(LoanApiTest.java:55)

