-------------------------------------------------------------------------------
Test set: TestSuite
-------------------------------------------------------------------------------
Tests run: 98, Failures: 8, Errors: 0, Skipped: 3, Time elapsed: 116.167 sec <<< FAILURE! - in TestSuite
creditCardPaymentRedemptionPost(api.CreditCardApiTest)  Time elapsed: 0.831 sec  <<< FAILURE!
java.lang.AssertionError: 
1 expectation failed.
Expected status code <200> but was <500>.

	at api.CreditCardApiTest.creditCardPaymentRedemptionPost(CreditCardApiTest.java:194)

depositTermDepositTermDepositDrawDownPost(api.DepositApiTest)  Time elapsed: 0.791 sec  <<< FAILURE!
java.lang.AssertionError: 
1 expectation failed.
Expected status code <200> but was <404>.

	at api.DepositApiTest.depositTermDepositTermDepositDrawDownPost(DepositApiTest.java:226)

depositTermDepositTermDepositRenewalPost(api.DepositApiTest)  Time elapsed: 0.821 sec  <<< FAILURE!
java.lang.AssertionError: 
1 expectation failed.
Expected status code <200> but was <404>.

	at api.DepositApiTest.depositTermDepositTermDepositRenewalPost(DepositApiTest.java:248)

depositTransactionLogEnquiryPost(api.DepositApiTest)  Time elapsed: 0.974 sec  <<< FAILURE!
java.lang.AssertionError: 
1 expectation failed.
Expected status code <200> but was <404>.

	at api.DepositApiTest.depositTransactionLogEnquiryPost(DepositApiTest.java:310)

depositTransactionWithdrawalPost(api.DepositApiTest)  Time elapsed: 1.799 sec  <<< FAILURE!
java.lang.AssertionError: 
1 expectation failed.
Expected status code <200> but was <202>.

	at api.DepositApiTest.depositTransactionWithdrawalPost(DepositApiTest.java:295)

leonMortageOverDueRepaymentEnquiryPost(api.LoanApiTest)  Time elapsed: 0.717 sec  <<< FAILURE!
java.lang.AssertionError: 
1 expectation failed.
Expected status code <200> but was <404>.

	at api.LoanApiTest.leonMortageOverDueRepaymentEnquiryPost(LoanApiTest.java:111)

investmentOrderRetrievalPost(api.InvestmentApiTest)  Time elapsed: 1.272 sec  <<< FAILURE!
java.lang.AssertionError: 
1 expectation failed.
Expected status code <200> but was <404>.

	at api.InvestmentApiTest.investmentOrderRetrievalPost(InvestmentApiTest.java:134)

leonMortageCancellationPost(api.LoanApiTest)  Time elapsed: 0.752 sec  <<< FAILURE!
java.lang.AssertionError: 
1 expectation failed.
Expected status code <200> but was <404>.

	at api.LoanApiTest.leonMortageCancellationPost(LoanApiTest.java:55)

