<?xml version="1.0" encoding="UTF-8"?>
<testsuite name="TestSuite" time="31.438" tests="103" errors="0" skipped="0" failures="24">
  <properties>
[...]
</properties>
  <testcase name="creditCardAccountOpeningPost" classname="api.CreditCardApiTest" time="2.18"/>
  <testcase name="creditCardCanCellationPost" classname="api.CreditCardApiTest" time="0.916"/>
  <testcase name="creditCardCreditLimitDetailsPost" classname="api.CreditCardApiTest" time="0.717"/>
  <testcase name="creditCardLimitDecreasePost" classname="api.CreditCardApiTest" time="0.305"/>
  <testcase name="creditCardLimitIncreasePost" classname="api.CreditCardApiTest" time="0.307"/>
  <testcase name="creditCardLossReportingPost" classname="api.CreditCardApiTest" time="0.714"/>
  <testcase name="creditCardNumberValidationPost" classname="api.CreditCardApiTest" time="0.227"/>
  <testcase name="creditCardPaymentCreditCardRepeymentPost" classname="api.CreditCardApiTest" time="0.694"/>
  <testcase name="creditCardPaymentOutstandingPaymentPost" classname="api.CreditCardApiTest" time="0.942"/>
  <testcase name="creditCardPaymentProductEnquiryPost" classname="api.CreditCardApiTest" time="0.418"/>
  <testcase name="creditCardPaymentRedemptionHistoryPost" classname="api.CreditCardApiTest" time="0.314"/>
  <testcase name="creditCardPaymentRedemptionPost" classname="api.CreditCardApiTest" time="0.376"/>
  <testcase name="creditCardPaymentTotalPointPost" classname="api.CreditCardApiTest" time="0.305"/>
  <testcase name="creditCardTransactiontRansactionDetailsPost" classname="api.CreditCardApiTest" time="0.344"/>
  <testcase name="creditCardTransactiontTransactionPostingPost" classname="api.CreditCardApiTest" time="0.457"/>
  <testcase name="merchantMerchantEnquiryGet" classname="api.CreditCardApiTest" time="0.22"/>
  <testcase name="merchantTransactionsPost" classname="api.CreditCardApiTest" time="0.204"/>
  <testcase name="vpointMerchantCategoryPost" classname="api.CreditCardApiTest" time="0.107"/>
  <testcase name="vpointNumberPost" classname="api.CreditCardApiTest" time="0.088"/>
  <testcase name="depositAccountEnquiryAccountDetailsGet" classname="api.DepositApiTest" time="0.464"/>
  <testcase name="depositAccountEnquiryAllAccountGet" classname="api.DepositApiTest" time="0.549">
    <failure message="expected [true] but found [false]" type="java.lang.AssertionError">java.lang.AssertionError: expected [true] but found [false]
	at org.testng.Assert.fail(Assert.java:94)
	at org.testng.Assert.failNotEquals(Assert.java:494)
	at org.testng.Assert.assertTrue(Assert.java:42)
	at org.testng.Assert.assertTrue(Assert.java:52)
	at common.JsonSchemaUtils.assertJsonSchema(JsonSchemaUtils.java:34)
	at common.JsonSchemaUtils.assertResponseJsonSchema(JsonSchemaUtils.java:40)
	at api.DepositApiTest.depositAccountEnquiryAllAccountGet(DepositApiTest.java:111)
</failure>
    <system-out>the following keywords are unknown and will be ignored: [$id]
the following keywords are unknown and will be ignored: [$id, examples]
the following keywords are unknown and will be ignored: [$id]
the following keywords are unknown and will be ignored: [$id]
the following keywords are unknown and will be ignored: [$id, examples]
the following keywords are unknown and will be ignored: [$id]
the following keywords are unknown and will be ignored: [$id, examples]
the following keywords are unknown and will be ignored: [$id]
the following keywords are unknown and will be ignored: [$id, examples]
the following keywords are unknown and will be ignored: [$id]
the following keywords are unknown and will be ignored: [$id, examples]
the following keywords are unknown and will be ignored: [$id]
the following keywords are unknown and will be ignored: [$id, examples]
the following keywords are unknown and will be ignored: [$id]
the following keywords are unknown and will be ignored: [$id, examples]
the following keywords are unknown and will be ignored: [$id]
the following keywords are unknown and will be ignored: [$id, examples]
the following keywords are unknown and will be ignored: [$id]
the following keywords are unknown and will be ignored: [$id, examples]
the following keywords are unknown and will be ignored: [$id, examples]
the following keywords are unknown and will be ignored: [$id, examples]
the following keywords are unknown and will be ignored: [$id, examples]
the following keywords are unknown and will be ignored: [$id, examples]
the following keywords are unknown and will be ignored: [$id]
the following keywords are unknown and will be ignored: [$id]
the following keywords are unknown and will be ignored: [$id, examples]
the following keywords are unknown and will be ignored: [$id]
the following keywords are unknown and will be ignored: [$id, examples]
the following keywords are unknown and will be ignored: [$id]
the following keywords are unknown and will be ignored: [$id, examples]
the following keywords are unknown and will be ignored: [$id]
the following keywords are unknown and will be ignored: [$id, examples]
the following keywords are unknown and will be ignored: [$id]
the following keywords are unknown and will be ignored: [$id, examples]
the following keywords are unknown and will be ignored: [$id]
the following keywords are unknown and will be ignored: [$id, examples]
the following keywords are unknown and will be ignored: [$id]
the following keywords are unknown and will be ignored: [$id, examples]
the following keywords are unknown and will be ignored: [$id]
the following keywords are unknown and will be ignored: [$id, examples]
the following keywords are unknown and will be ignored: [$id, examples]
the following keywords are unknown and will be ignored: [$id, examples]
object has missing required properties (["account1","account2","account3","account4","account5","account6","account7","account8"])
the following keywords are unknown and will be ignored: [$id, examples]
</system-out>
  </testcase>
  <testcase name="depositAccountEnquiryPost" classname="api.DepositApiTest" time="0.094">
    <failure message="expected [200] but found [400]" type="java.lang.AssertionError">java.lang.AssertionError: expected [200] but found [400]
	at org.testng.Assert.fail(Assert.java:94)
	at org.testng.Assert.failNotEquals(Assert.java:494)
	at org.testng.Assert.assertEquals(Assert.java:123)
	at org.testng.Assert.assertEquals(Assert.java:370)
	at org.testng.Assert.assertEquals(Assert.java:380)
	at api.DepositApiTest.depositAccountEnquiryPost(DepositApiTest.java:88)
</failure>
  </testcase>
  <testcase name="depositAccountMaintenanceAccountClosureGet" classname="api.DepositApiTest" time="0.412"/>
  <testcase name="depositAccountOpeningAccountCreationPost" classname="api.DepositApiTest" time="0.453"/>
  <testcase name="depositCurrentAccountOpeningPost" classname="api.DepositApiTest" time="0.639"/>
  <testcase name="depositCusMainCustContactInfoUpdatePost" classname="api.DepositApiTest" time="0.343"/>
  <testcase name="depositCusMainCustomerCreationPost" classname="api.DepositApiTest" time="0.411"/>
  <testcase name="depositFeAccountOpeningPost" classname="api.DepositApiTest" time="1.211"/>
  <testcase name="depositMetAccountOpeningPost" classname="api.DepositApiTest" time="0.422"/>
  <testcase name="depositSavingAccountOpeningPost" classname="api.DepositApiTest" time="0.503"/>
  <testcase name="depositTdAccountOpeningPost" classname="api.DepositApiTest" time="0.42"/>
  <testcase name="depositTermDepositAllEnquiryCustomerNumberGet" classname="api.DepositApiTest" time="0.386"/>
  <testcase name="depositTermDepositAllTermDepositGet" classname="api.DepositApiTest" time="0.481"/>
  <testcase name="depositTermDepositTermDepositApplicationPost" classname="api.DepositApiTest" time="0.769"/>
  <testcase name="depositTermDepositTermDepositDrawDownPost" classname="api.DepositApiTest" time="0.162">
    <failure message="expected [200] but found [202]" type="java.lang.AssertionError">java.lang.AssertionError: expected [200] but found [202]
	at org.testng.Assert.fail(Assert.java:94)
	at org.testng.Assert.failNotEquals(Assert.java:494)
	at org.testng.Assert.assertEquals(Assert.java:123)
	at org.testng.Assert.assertEquals(Assert.java:370)
	at org.testng.Assert.assertEquals(Assert.java:380)
	at api.DepositApiTest.depositTermDepositTermDepositDrawDownPost(DepositApiTest.java:353)
</failure>
  </testcase>
  <testcase name="depositTermDepositTermDepositEnquiryPost" classname="api.DepositApiTest" time="0.256"/>
  <testcase name="depositTermDepositTermDepositRenewalPost" classname="api.DepositApiTest" time="0.168">
    <failure message="expected [200] but found [202]" type="java.lang.AssertionError">java.lang.AssertionError: expected [200] but found [202]
	at org.testng.Assert.fail(Assert.java:94)
	at org.testng.Assert.failNotEquals(Assert.java:494)
	at org.testng.Assert.assertEquals(Assert.java:123)
	at org.testng.Assert.assertEquals(Assert.java:370)
	at org.testng.Assert.assertEquals(Assert.java:380)
	at api.DepositApiTest.depositTermDepositTermDepositRenewalPost(DepositApiTest.java:385)
</failure>
  </testcase>
  <testcase name="depositTransactionChequeBookCreationPost" classname="api.DepositApiTest" time="0.225"/>
  <testcase name="depositTransactionDepositPost" classname="api.DepositApiTest" time="0.411"/>
  <testcase name="depositTransactionLogEnquiryPost" classname="api.DepositApiTest" time="0.442"/>
  <testcase name="depositTransactionTransferPost" classname="api.DepositApiTest" time="0.471"/>
  <testcase name="depositTransactionWithdrawalPost" classname="api.DepositApiTest" time="0.31"/>
  <testcase name="depositVaccountAccountBalancePost" classname="api.DepositApiTest" time="0.16"/>
  <testcase name="depositVaccountAccountNumberExistsPost" classname="api.DepositApiTest" time="0.169"/>
  <testcase name="depositVaccountAmountFormatPost" classname="api.DepositApiTest" time="0.112"/>
  <testcase name="depositVaccountAssociatedAccountsPost" classname="api.DepositApiTest" time="0.169"/>
  <testcase name="depositVaccountCurAccountTypePost" classname="api.DepositApiTest" time="0.096"/>
  <testcase name="depositVaccountCurrencyGet" classname="api.DepositApiTest" time="0.091"/>
  <testcase name="depositVaccountFexAccountTypePost" classname="api.DepositApiTest" time="0.111"/>
  <testcase name="depositVaccountFundAccountTypePost" classname="api.DepositApiTest" time="0.112"/>
  <testcase name="depositVaccountMetAccountTypePost" classname="api.DepositApiTest" time="0.106"/>
  <testcase name="depositVaccountSavOrCurTypePost" classname="api.DepositApiTest" time="0.113"/>
  <testcase name="depositVaccountStockAccountTypePost" classname="api.DepositApiTest" time="0.11"/>
  <testcase name="depositVaccountTdAccountTypePost" classname="api.DepositApiTest" time="0.122"/>
  <testcase name="depositVcustomerEmailFormatPost" classname="api.DepositApiTest" time="0.096"/>
  <testcase name="depositVcustomerExistingCustomerGet" classname="api.DepositApiTest" time="0.104"/>
  <testcase name="depositVcustomerIdFormatGet" classname="api.DepositApiTest" time="0.083"/>
  <testcase name="depositVcustomerPhoneNumberFormatGet" classname="api.DepositApiTest" time="0.092"/>
  <testcase name="depositVtermDepositContractPeriodGet" classname="api.DepositApiTest" time="0.098"/>
  <testcase name="depositVtermDepositTdNumberExistsGet" classname="api.DepositApiTest" time="0.181"/>
  <testcase name="depositVtransactionDateFormatGet" classname="api.DepositApiTest" time="0.09"/>
  <testcase name="depositVtransactionTransTypeGet" classname="api.DepositApiTest" time="0.116"/>
  <testcase name="depositAccountEnquiryAccountDetailsGet" classname="api.ForeignExchangeApiTest" time="0.339">
    <failure message="expected [200] but found [415]" type="java.lang.AssertionError">java.lang.AssertionError: expected [200] but found [415]
	at org.testng.Assert.fail(Assert.java:94)
	at org.testng.Assert.failNotEquals(Assert.java:494)
	at org.testng.Assert.assertEquals(Assert.java:123)
	at org.testng.Assert.assertEquals(Assert.java:370)
	at org.testng.Assert.assertEquals(Assert.java:380)
	at api.ForeignExchangeApiTest.depositAccountEnquiryAccountDetailsGet(ForeignExchangeApiTest.java:35)
</failure>
  </testcase>
  <testcase name="investmentCancellationPost" classname="api.InvestmentApiTest" time="0.481">
    <failure message="expected [200] but found [404]" type="java.lang.AssertionError">java.lang.AssertionError: expected [200] but found [404]
	at org.testng.Assert.fail(Assert.java:94)
	at org.testng.Assert.failNotEquals(Assert.java:494)
	at org.testng.Assert.assertEquals(Assert.java:123)
	at org.testng.Assert.assertEquals(Assert.java:370)
	at org.testng.Assert.assertEquals(Assert.java:380)
	at api.InvestmentApiTest.investmentCancellationPost(InvestmentApiTest.java:138)
</failure>
  </testcase>
  <testcase name="investmentFundAccountOpeningPost" classname="api.InvestmentApiTest" time="0.312">
    <failure message="expected [200] but found [403]" type="java.lang.AssertionError">java.lang.AssertionError: expected [200] but found [403]
	at org.testng.Assert.fail(Assert.java:94)
	at org.testng.Assert.failNotEquals(Assert.java:494)
	at org.testng.Assert.assertEquals(Assert.java:123)
	at org.testng.Assert.assertEquals(Assert.java:370)
	at org.testng.Assert.assertEquals(Assert.java:380)
	at api.InvestmentApiTest.investmentFundAccountOpeningPost(InvestmentApiTest.java:57)
</failure>
  </testcase>
  <testcase name="investmentFundQuotationGet" classname="api.InvestmentApiTest" time="0.154"/>
  <testcase name="investmentHoldingEnquiryPost" classname="api.InvestmentApiTest" time="0.089">
    <failure message="expected [200] but found [403]" type="java.lang.AssertionError">java.lang.AssertionError: expected [200] but found [403]
	at org.testng.Assert.fail(Assert.java:94)
	at org.testng.Assert.failNotEquals(Assert.java:494)
	at org.testng.Assert.assertEquals(Assert.java:123)
	at org.testng.Assert.assertEquals(Assert.java:370)
	at org.testng.Assert.assertEquals(Assert.java:380)
	at api.InvestmentApiTest.investmentHoldingEnquiryPost(InvestmentApiTest.java:76)
</failure>
  </testcase>
  <testcase name="investmentOrderDetailRetrievalsByIdPost" classname="api.InvestmentApiTest" time="0.468"/>
  <testcase name="investmentOrderInfoUpdatePost" classname="api.InvestmentApiTest" time="0.084">
    <failure message="expected [200] but found [403]" type="java.lang.AssertionError">java.lang.AssertionError: expected [200] but found [403]
	at org.testng.Assert.fail(Assert.java:94)
	at org.testng.Assert.failNotEquals(Assert.java:494)
	at org.testng.Assert.assertEquals(Assert.java:123)
	at org.testng.Assert.assertEquals(Assert.java:370)
	at org.testng.Assert.assertEquals(Assert.java:380)
	at api.InvestmentApiTest.investmentOrderInfoUpdatePost(InvestmentApiTest.java:177)
</failure>
  </testcase>
  <testcase name="investmentOrderPlacingPost" classname="api.InvestmentApiTest" time="0.147">
    <failure message="expected [200] but found [202]" type="java.lang.AssertionError">java.lang.AssertionError: expected [200] but found [202]
	at org.testng.Assert.fail(Assert.java:94)
	at org.testng.Assert.failNotEquals(Assert.java:494)
	at org.testng.Assert.assertEquals(Assert.java:123)
	at org.testng.Assert.assertEquals(Assert.java:370)
	at org.testng.Assert.assertEquals(Assert.java:380)
	at api.InvestmentApiTest.investmentOrderPlacingPost(InvestmentApiTest.java:238)
</failure>
  </testcase>
  <testcase name="investmentOrderRetrievalPost" classname="api.InvestmentApiTest" time="0.085">
    <failure message="expected [200] but found [403]" type="java.lang.AssertionError">java.lang.AssertionError: expected [200] but found [403]
	at org.testng.Assert.fail(Assert.java:94)
	at org.testng.Assert.failNotEquals(Assert.java:494)
	at org.testng.Assert.assertEquals(Assert.java:123)
	at org.testng.Assert.assertEquals(Assert.java:370)
	at org.testng.Assert.assertEquals(Assert.java:380)
	at api.InvestmentApiTest.investmentOrderRetrievalPost(InvestmentApiTest.java:196)
</failure>
  </testcase>
  <testcase name="investmentOrderStatusUpdatePost" classname="api.InvestmentApiTest" time="0.127">
    <failure message="expected [200] but found [202]" type="java.lang.AssertionError">java.lang.AssertionError: expected [200] but found [202]
	at org.testng.Assert.fail(Assert.java:94)
	at org.testng.Assert.failNotEquals(Assert.java:494)
	at org.testng.Assert.assertEquals(Assert.java:123)
	at org.testng.Assert.assertEquals(Assert.java:370)
	at org.testng.Assert.assertEquals(Assert.java:380)
	at api.InvestmentApiTest.investmentOrderStatusUpdatePost(InvestmentApiTest.java:216)
</failure>
  </testcase>
  <testcase name="investmentRedemptionPost" classname="api.InvestmentApiTest" time="0.115">
    <failure message="expected [200] but found [403]" type="java.lang.AssertionError">java.lang.AssertionError: expected [200] but found [403]
	at org.testng.Assert.fail(Assert.java:94)
	at org.testng.Assert.failNotEquals(Assert.java:494)
	at org.testng.Assert.assertEquals(Assert.java:123)
	at org.testng.Assert.assertEquals(Assert.java:370)
	at org.testng.Assert.assertEquals(Assert.java:380)
	at api.InvestmentApiTest.investmentRedemptionPost(InvestmentApiTest.java:95)
</failure>
  </testcase>
  <testcase name="investmentSettlementAccountUpdatePost" classname="api.InvestmentApiTest" time="0.314"/>
  <testcase name="investmentStkAccountOpeningPost" classname="api.InvestmentApiTest" time="0.095">
    <failure message="expected [200] but found [403]" type="java.lang.AssertionError">java.lang.AssertionError: expected [200] but found [403]
	at org.testng.Assert.fail(Assert.java:94)
	at org.testng.Assert.failNotEquals(Assert.java:494)
	at org.testng.Assert.assertEquals(Assert.java:123)
	at org.testng.Assert.assertEquals(Assert.java:370)
	at org.testng.Assert.assertEquals(Assert.java:380)
	at api.InvestmentApiTest.investmentStkAccountOpeningPost(InvestmentApiTest.java:276)
</failure>
  </testcase>
  <testcase name="investmentStockListGet" classname="api.InvestmentApiTest" time="0.278"/>
  <testcase name="investmentStockQuotationPost" classname="api.InvestmentApiTest" time="0.044">
    <failure message="expected [200] but found [403]" type="java.lang.AssertionError">java.lang.AssertionError: expected [200] but found [403]
	at org.testng.Assert.fail(Assert.java:94)
	at org.testng.Assert.failNotEquals(Assert.java:494)
	at org.testng.Assert.assertEquals(Assert.java:123)
	at org.testng.Assert.assertEquals(Assert.java:370)
	at org.testng.Assert.assertEquals(Assert.java:380)
	at api.InvestmentApiTest.investmentStockQuotationPost(InvestmentApiTest.java:335)
</failure>
  </testcase>
  <testcase name="investmentSubscriptionPost" classname="api.InvestmentApiTest" time="1.174"/>
  <testcase name="leonMortageAccountDetailEnquiryPost" classname="api.LoadApiTest" time="0.633"/>
  <testcase name="leonMortageCancellationPost" classname="api.LoadApiTest" time="0.098">
    <failure message="expected [200] but found [500]" type="java.lang.AssertionError">java.lang.AssertionError: expected [200] but found [500]
	at org.testng.Assert.fail(Assert.java:94)
	at org.testng.Assert.failNotEquals(Assert.java:494)
	at org.testng.Assert.assertEquals(Assert.java:123)
	at org.testng.Assert.assertEquals(Assert.java:370)
	at org.testng.Assert.assertEquals(Assert.java:380)
	at api.LoadApiTest.leonMortageCancellationPost(LoadApiTest.java:66)
</failure>
  </testcase>
  <testcase name="leonMortageLoanCalculaterPost" classname="api.LoadApiTest" time="0.128"/>
  <testcase name="leonMortageMortgageLoanAccountOpeningPost" classname="api.LoadApiTest" time="0.225"/>
  <testcase name="leonMortageMortgageLoanApplicationPost" classname="api.LoadApiTest" time="0.076">
    <failure message="expected [200] but found [500]" type="java.lang.AssertionError">java.lang.AssertionError: expected [200] but found [500]
	at org.testng.Assert.fail(Assert.java:94)
	at org.testng.Assert.failNotEquals(Assert.java:494)
	at org.testng.Assert.assertEquals(Assert.java:123)
	at org.testng.Assert.assertEquals(Assert.java:370)
	at org.testng.Assert.assertEquals(Assert.java:380)
	at api.LoadApiTest.leonMortageMortgageLoanApplicationPost(LoadApiTest.java:120)
</failure>
  </testcase>
  <testcase name="leonMortageNextRepaymentEnquiryPost" classname="api.LoadApiTest" time="0.148"/>
  <testcase name="leonMortageOverDueRepaymentEnquiryPost" classname="api.LoadApiTest" time="0.336"/>
  <testcase name="leonMortageRepaymentPlanPost" classname="api.LoadApiTest" time="0.169"/>
  <testcase name="leonMortageRepaymentPost" classname="api.LoadApiTest" time="0.375"/>
  <testcase name="leonMortageTransactionEnquiryPost" classname="api.LoadApiTest" time="0.119"/>
  <testcase name="sysadminAdminControllerLoginInPost" classname="api.SysadminApiTest" time="0.11"/>
  <testcase name="sysadminAuthorityControllerAppDockerForDeveloperPost" classname="api.SysadminApiTest" time="0.239">
    <failure message="expected [200] but found [500]" type="java.lang.AssertionError">java.lang.AssertionError: expected [200] but found [500]
	at org.testng.Assert.fail(Assert.java:94)
	at org.testng.Assert.failNotEquals(Assert.java:494)
	at org.testng.Assert.assertEquals(Assert.java:123)
	at org.testng.Assert.assertEquals(Assert.java:370)
	at org.testng.Assert.assertEquals(Assert.java:380)
	at api.SysadminApiTest.sysadminAuthorityControllerAppDockerForDeveloperPost(SysadminApiTest.java:56)
</failure>
  </testcase>
  <testcase name="sysadminAuthorityControllerDeveloperAuthorizationPost" classname="api.SysadminApiTest" time="0.13"/>
  <testcase name="sysadminAuthorityControllerGetSandBoxPost" classname="api.SysadminApiTest" time="0.098"/>
  <testcase name="sysadminBranchCodeSearchControllerGetBranchCodeTableGet" classname="api.SysadminApiTest" time="0.105"/>
  <testcase name="sysadminBranchCodeSearchControllerGetBranchCodeTableInfoPost" classname="api.SysadminApiTest" time="1.975">
    <failure message="expected [true] but found [false]" type="java.lang.AssertionError">java.lang.AssertionError: expected [true] but found [false]
	at org.testng.Assert.fail(Assert.java:94)
	at org.testng.Assert.failNotEquals(Assert.java:494)
	at org.testng.Assert.assertTrue(Assert.java:42)
	at org.testng.Assert.assertTrue(Assert.java:52)
	at common.JsonSchemaUtils.assertJsonSchema(JsonSchemaUtils.java:34)
	at common.JsonSchemaUtils.assertResponseJsonSchema(JsonSchemaUtils.java:40)
	at api.SysadminApiTest.sysadminBranchCodeSearchControllerGetBranchCodeTableInfoPost(SysadminApiTest.java:132)
</failure>
    <system-out>the following keywords are unknown and will be ignored: [$id]
the following keywords are unknown and will be ignored: [$id, examples]
the following keywords are unknown and will be ignored: [$id]
the following keywords are unknown and will be ignored: [$id]
the following keywords are unknown and will be ignored: [$id, examples]
the following keywords are unknown and will be ignored: [$id, examples]
the following keywords are unknown and will be ignored: [$id, examples]
the following keywords are unknown and will be ignored: [$id, examples]
the following keywords are unknown and will be ignored: [$id, examples]
the following keywords are unknown and will be ignored: [$id, examples]
the following keywords are unknown and will be ignored: [$id, examples]
the following keywords are unknown and will be ignored: [$id, examples]
the following keywords are unknown and will be ignored: [$id, examples]
the following keywords are unknown and will be ignored: [$id, examples]
the following keywords are unknown and will be ignored: [$id, examples]
the following keywords are unknown and will be ignored: [$id, examples]
the following keywords are unknown and will be ignored: [$id, examples]
the following keywords are unknown and will be ignored: [$id, examples]
the following keywords are unknown and will be ignored: [$id, examples]
the following keywords are unknown and will be ignored: [$id, examples]
the following keywords are unknown and will be ignored: [$id, examples]
the following keywords are unknown and will be ignored: [$id, examples]
the following keywords are unknown and will be ignored: [$id, examples]
the following keywords are unknown and will be ignored: [$id, examples]
the following keywords are unknown and will be ignored: [$id, examples]
the following keywords are unknown and will be ignored: [$id, examples]
the following keywords are unknown and will be ignored: [$id, examples]
the following keywords are unknown and will be ignored: [$id, examples]
the following keywords are unknown and will be ignored: [$id, examples]
the following keywords are unknown and will be ignored: [$id, examples]
the following keywords are unknown and will be ignored: [$id, examples]
the following keywords are unknown and will be ignored: [$id, examples]
the following keywords are unknown and will be ignored: [$id, examples]
the following keywords are unknown and will be ignored: [$id, examples]
the following keywords are unknown and will be ignored: [$id, examples]
the following keywords are unknown and will be ignored: [$id, examples]
the following keywords are unknown and will be ignored: [$id, examples]
the following keywords are unknown and will be ignored: [$id, examples]
the following keywords are unknown and will be ignored: [$id, examples]
the following keywords are unknown and will be ignored: [$id]
the following keywords are unknown and will be ignored: [$id]
the following keywords are unknown and will be ignored: [$id, examples]
the following keywords are unknown and will be ignored: [$id, examples]
the following keywords are unknown and will be ignored: [$id, examples]
the following keywords are unknown and will be ignored: [$id, examples]
the following keywords are unknown and will be ignored: [$id, examples]
the following keywords are unknown and will be ignored: [$id, examples]
the following keywords are unknown and will be ignored: [$id, examples]
the following keywords are unknown and will be ignored: [$id, examples]
the following keywords are unknown and will be ignored: [$id, examples]
the following keywords are unknown and will be ignored: [$id, examples]
the following keywords are unknown and will be ignored: [$id, examples]
the following keywords are unknown and will be ignored: [$id, examples]
the following keywords are unknown and will be ignored: [$id, examples]
the following keywords are unknown and will be ignored: [$id, examples]
the following keywords are unknown and will be ignored: [$id, examples]
the following keywords are unknown and will be ignored: [$id, examples]
the following keywords are unknown and will be ignored: [$id, examples]
the following keywords are unknown and will be ignored: [$id, examples]
the following keywords are unknown and will be ignored: [$id, examples]
the following keywords are unknown and will be ignored: [$id, examples]
the following keywords are unknown and will be ignored: [$id, examples]
the following keywords are unknown and will be ignored: [$id, examples]
the following keywords are unknown and will be ignored: [$id, examples]
the following keywords are unknown and will be ignored: [$id, examples]
the following keywords are unknown and will be ignored: [$id, examples]
the following keywords are unknown and will be ignored: [$id, examples]
the following keywords are unknown and will be ignored: [$id, examples]
the following keywords are unknown and will be ignored: [$id, examples]
the following keywords are unknown and will be ignored: [$id, examples]
the following keywords are unknown and will be ignored: [$id, examples]
the following keywords are unknown and will be ignored: [$id, examples]
the following keywords are unknown and will be ignored: [$id, examples]
the following keywords are unknown and will be ignored: [$id, examples]
the following keywords are unknown and will be ignored: [$id]
the following keywords are unknown and will be ignored: [$id, examples]
the following keywords are unknown and will be ignored: [$id, examples]
the following keywords are unknown and will be ignored: [$id, examples]
the following keywords are unknown and will be ignored: [$id, examples]
the following keywords are unknown and will be ignored: [$id, examples]
the following keywords are unknown and will be ignored: [$id, examples]
the following keywords are unknown and will be ignored: [$id, examples]
the following keywords are unknown and will be ignored: [$id, examples]
the following keywords are unknown and will be ignored: [$id, examples]
the following keywords are unknown and will be ignored: [$id, examples]
the following keywords are unknown and will be ignored: [$id, examples]
the following keywords are unknown and will be ignored: [$id, examples]
the following keywords are unknown and will be ignored: [$id, examples]
the following keywords are unknown and will be ignored: [$id, examples]
the following keywords are unknown and will be ignored: [$id, examples]
the following keywords are unknown and will be ignored: [$id, examples]
the following keywords are unknown and will be ignored: [$id, examples]
the following keywords are unknown and will be ignored: [$id, examples]
the following keywords are unknown and will be ignored: [$id, examples]
the following keywords are unknown and will be ignored: [$id, examples]
the following keywords are unknown and will be ignored: [$id, examples]
the following keywords are unknown and will be ignored: [$id, examples]
the following keywords are unknown and will be ignored: [$id, examples]
the following keywords are unknown and will be ignored: [$id, examples]
the following keywords are unknown and will be ignored: [$id, examples]
the following keywords are unknown and will be ignored: [$id, examples]
the following keywords are unknown and will be ignored: [$id, examples]
the following keywords are unknown and will be ignored: [$id, examples]
the following keywords are unknown and will be ignored: [$id, examples]
the following keywords are unknown and will be ignored: [$id, examples]
the following keywords are unknown and will be ignored: [$id, examples]
the following keywords are unknown and will be ignored: [$id, examples]
the following keywords are unknown and will be ignored: [$id, examples]
the following keywords are unknown and will be ignored: [$id, examples]
the following keywords are unknown and will be ignored: [$id, examples]
the following keywords are unknown and will be ignored: [$id, examples]
the following keywords are unknown and will be ignored: [$id, examples]
the following keywords are unknown and will be ignored: [$id, examples]
the following keywords are unknown and will be ignored: [$id, examples]
the following keywords are unknown and will be ignored: [$id, examples]
the following keywords are unknown and will be ignored: [$id, examples]
the following keywords are unknown and will be ignored: [$id, examples]
the following keywords are unknown and will be ignored: [$id, examples]
the following keywords are unknown and will be ignored: [$id, examples]
the following keywords are unknown and will be ignored: [$id, examples]
the following keywords are unknown and will be ignored: [$id, examples]
the following keywords are unknown and will be ignored: [$id, examples]
the following keywords are unknown and will be ignored: [$id, examples]
the following keywords are unknown and will be ignored: [$id, examples]
the following keywords are unknown and will be ignored: [$id, examples]
the following keywords are unknown and will be ignored: [$id, examples]
the following keywords are unknown and will be ignored: [$id, examples]
the following keywords are unknown and will be ignored: [$id, examples]
the following keywords are unknown and will be ignored: [$id, examples]
the following keywords are unknown and will be ignored: [$id, examples]
the following keywords are unknown and will be ignored: [$id, examples]
the following keywords are unknown and will be ignored: [$id, examples]
the following keywords are unknown and will be ignored: [$id, examples]
the following keywords are unknown and will be ignored: [$id, examples]
the following keywords are unknown and will be ignored: [$id, examples]
the following keywords are unknown and will be ignored: [$id, examples]
the following keywords are unknown and will be ignored: [$id, examples]
the following keywords are unknown and will be ignored: [$id, examples]
the following keywords are unknown and will be ignored: [$id, examples]
the following keywords are unknown and will be ignored: [$id, examples]
the following keywords are unknown and will be ignored: [$id, examples]
the following keywords are unknown and will be ignored: [$id]
the following keywords are unknown and will be ignored: [$id, examples]
the following keywords are unknown and will be ignored: [$id, examples]
the following keywords are unknown and will be ignored: [$id, examples]
the following keywords are unknown and will be ignored: [$id, examples]
the following keywords are unknown and will be ignored: [$id, examples]
the following keywords are unknown and will be ignored: [$id, examples]
the following keywords are unknown and will be ignored: [$id, examples]
the following keywords are unknown and will be ignored: [$id, examples]
the following keywords are unknown and will be ignored: [$id, examples]
the following keywords are unknown and will be ignored: [$id, examples]
the following keywords are unknown and will be ignored: [$id, examples]
the following keywords are unknown and will be ignored: [$id, examples]
the following keywords are unknown and will be ignored: [$id, examples]
the following keywords are unknown and will be ignored: [$id, examples]
the following keywords are unknown and will be ignored: [$id, examples]
the following keywords are unknown and will be ignored: [$id, examples]
the following keywords are unknown and will be ignored: [$id, examples]
the following keywords are unknown and will be ignored: [$id, examples]
the following keywords are unknown and will be ignored: [$id, examples]
the following keywords are unknown and will be ignored: [$id, examples]
the following keywords are unknown and will be ignored: [$id, examples]
the following keywords are unknown and will be ignored: [$id, examples]
the following keywords are unknown and will be ignored: [$id, examples]
the following keywords are unknown and will be ignored: [$id, examples]
the following keywords are unknown and will be ignored: [$id, examples]
the following keywords are unknown and will be ignored: [$id, examples]
the following keywords are unknown and will be ignored: [$id, examples]
the following keywords are unknown and will be ignored: [$id, examples]
the following keywords are unknown and will be ignored: [$id, examples]
the following keywords are unknown and will be ignored: [$id, examples]
the following keywords are unknown and will be ignored: [$id, examples]
the following keywords are unknown and will be ignored: [$id, examples]
the following keywords are unknown and will be ignored: [$id, examples]
the following keywords are unknown and will be ignored: [$id, examples]
the following keywords are unknown and will be ignored: [$id, examples]
the following keywords are unknown and will be ignored: [$id, examples]
the following keywords are unknown and will be ignored: [$id, examples]
the following keywords are unknown and will be ignored: [$id, examples]
the following keywords are unknown and will be ignored: [$id, examples]
the following keywords are unknown and will be ignored: [$id, examples]
the following keywords are unknown and will be ignored: [$id, examples]
the following keywords are unknown and will be ignored: [$id, examples]
the following keywords are unknown and will be ignored: [$id, examples]
the following keywords are unknown and will be ignored: [$id, examples]
the following keywords are unknown and will be ignored: [$id, examples]
the following keywords are unknown and will be ignored: [$id, examples]
the following keywords are unknown and will be ignored: [$id, examples]
the following keywords are unknown and will be ignored: [$id, examples]
the following keywords are unknown and will be ignored: [$id, examples]
the following keywords are unknown and will be ignored: [$id, examples]
the following keywords are unknown and will be ignored: [$id, examples]
the following keywords are unknown and will be ignored: [$id, examples]
the following keywords are unknown and will be ignored: [$id, examples]
the following keywords are unknown and will be ignored: [$id, examples]
the following keywords are unknown and will be ignored: [$id, examples]
the following keywords are unknown and will be ignored: [$id, examples]
the following keywords are unknown and will be ignored: [$id, examples]
the following keywords are unknown and will be ignored: [$id, examples]
the following keywords are unknown and will be ignored: [$id, examples]
the following keywords are unknown and will be ignored: [$id, examples]
the following keywords are unknown and will be ignored: [$id, examples]
the following keywords are unknown and will be ignored: [$id, examples]
the following keywords are unknown and will be ignored: [$id, examples]
the following keywords are unknown and will be ignored: [$id, examples]
the following keywords are unknown and will be ignored: [$id]
the following keywords are unknown and will be ignored: [$id, examples]
the following keywords are unknown and will be ignored: [$id, examples]
the following keywords are unknown and will be ignored: [$id, examples]
the following keywords are unknown and will be ignored: [$id, examples]
the following keywords are unknown and will be ignored: [$id, examples]
the following keywords are unknown and will be ignored: [$id, examples]
the following keywords are unknown and will be ignored: [$id, examples]
the following keywords are unknown and will be ignored: [$id, examples]
the following keywords are unknown and will be ignored: [$id, examples]
the following keywords are unknown and will be ignored: [$id, examples]
the following keywords are unknown and will be ignored: [$id, examples]
the following keywords are unknown and will be ignored: [$id, examples]
the following keywords are unknown and will be ignored: [$id, examples]
the following keywords are unknown and will be ignored: [$id, examples]
the following keywords are unknown and will be ignored: [$id, examples]
the following keywords are unknown and will be ignored: [$id, examples]
the following keywords are unknown and will be ignored: [$id, examples]
the following keywords are unknown and will be ignored: [$id, examples]
the following keywords are unknown and will be ignored: [$id, examples]
the following keywords are unknown and will be ignored: [$id, examples]
the following keywords are unknown and will be ignored: [$id, examples]
the following keywords are unknown and will be ignored: [$id, examples]
the following keywords are unknown and will be ignored: [$id, examples]
the following keywords are unknown and will be ignored: [$id, examples]
the following keywords are unknown and will be ignored: [$id, examples]
the following keywords are unknown and will be ignored: [$id, examples]
the following keywords are unknown and will be ignored: [$id, examples]
the following keywords are unknown and will be ignored: [$id, examples]
the following keywords are unknown and will be ignored: [$id, examples]
the following keywords are unknown and will be ignored: [$id, examples]
the following keywords are unknown and will be ignored: [$id, examples]
the following keywords are unknown and will be ignored: [$id, examples]
the following keywords are unknown and will be ignored: [$id, examples]
the following keywords are unknown and will be ignored: [$id, examples]
the following keywords are unknown and will be ignored: [$id, examples]
the following keywords are unknown and will be ignored: [$id, examples]
the following keywords are unknown and will be ignored: [$id, examples]
the following keywords are unknown and will be ignored: [$id, examples]
the following keywords are unknown and will be ignored: [$id, examples]
the following keywords are unknown and will be ignored: [$id, examples]
the following keywords are unknown and will be ignored: [$id, examples]
the following keywords are unknown and will be ignored: [$id, examples]
the following keywords are unknown and will be ignored: [$id, examples]
the following keywords are unknown and will be ignored: [$id, examples]
the following keywords are unknown and will be ignored: [$id, examples]
the following keywords are unknown and will be ignored: [$id, examples]
the following keywords are unknown and will be ignored: [$id, examples]
the following keywords are unknown and will be ignored: [$id, examples]
the following keywords are unknown and will be ignored: [$id, examples]
the following keywords are unknown and will be ignored: [$id, examples]
the following keywords are unknown and will be ignored: [$id, examples]
the following keywords are unknown and will be ignored: [$id, examples]
the following keywords are unknown and will be ignored: [$id, examples]
the following keywords are unknown and will be ignored: [$id, examples]
the following keywords are unknown and will be ignored: [$id, examples]
the following keywords are unknown and will be ignored: [$id, examples]
the following keywords are unknown and will be ignored: [$id, examples]
the following keywords are unknown and will be ignored: [$id, examples]
the following keywords are unknown and will be ignored: [$id, examples]
the following keywords are unknown and will be ignored: [$id, examples]
the following keywords are unknown and will be ignored: [$id, examples]
the following keywords are unknown and will be ignored: [$id, examples]
the following keywords are unknown and will be ignored: [$id, examples]
the following keywords are unknown and will be ignored: [$id, examples]
the following keywords are unknown and will be ignored: [$id, examples]
the following keywords are unknown and will be ignored: [$id, examples]
the following keywords are unknown and will be ignored: [$id]
the following keywords are unknown and will be ignored: [$id, examples]
the following keywords are unknown and will be ignored: [$id, examples]
the following keywords are unknown and will be ignored: [$id, examples]
the following keywords are unknown and will be ignored: [$id, examples]
the following keywords are unknown and will be ignored: [$id, examples]
the following keywords are unknown and will be ignored: [$id, examples]
the following keywords are unknown and will be ignored: [$id, examples]
the following keywords are unknown and will be ignored: [$id, examples]
the following keywords are unknown and will be ignored: [$id, examples]
the following keywords are unknown and will be ignored: [$id, examples]
the following keywords are unknown and will be ignored: [$id, examples]
the following keywords are unknown and will be ignored: [$id, examples]
the following keywords are unknown and will be ignored: [$id, examples]
the following keywords are unknown and will be ignored: [$id, examples]
the following keywords are unknown and will be ignored: [$id, examples]
the following keywords are unknown and will be ignored: [$id, examples]
the following keywords are unknown and will be ignored: [$id, examples]
the following keywords are unknown and will be ignored: [$id, examples]
the following keywords are unknown and will be ignored: [$id, examples]
the following keywords are unknown and will be ignored: [$id, examples]
the following keywords are unknown and will be ignored: [$id, examples]
the following keywords are unknown and will be ignored: [$id, examples]
the following keywords are unknown and will be ignored: [$id, examples]
the following keywords are unknown and will be ignored: [$id, examples]
the following keywords are unknown and will be ignored: [$id, examples]
the following keywords are unknown and will be ignored: [$id, examples]
the following keywords are unknown and will be ignored: [$id, examples]
the following keywords are unknown and will be ignored: [$id, examples]
the following keywords are unknown and will be ignored: [$id, examples]
the following keywords are unknown and will be ignored: [$id, examples]
the following keywords are unknown and will be ignored: [$id, examples]
the following keywords are unknown and will be ignored: [$id, examples]
the following keywords are unknown and will be ignored: [$id, examples]
the following keywords are unknown and will be ignored: [$id, examples]
the following keywords are unknown and will be ignored: [$id, examples]
the following keywords are unknown and will be ignored: [$id, examples]
the following keywords are unknown and will be ignored: [$id, examples]
the following keywords are unknown and will be ignored: [$id, examples]
the following keywords are unknown and will be ignored: [$id, examples]
the following keywords are unknown and will be ignored: [$id, examples]
the following keywords are unknown and will be ignored: [$id, examples]
the following keywords are unknown and will be ignored: [$id, examples]
the following keywords are unknown and will be ignored: [$id, examples]
the following keywords are unknown and will be ignored: [$id, examples]
the following keywords are unknown and will be ignored: [$id, examples]
the following keywords are unknown and will be ignored: [$id, examples]
the following keywords are unknown and will be ignored: [$id, examples]
the following keywords are unknown and will be ignored: [$id, examples]
the following keywords are unknown and will be ignored: [$id, examples]
the following keywords are unknown and will be ignored: [$id, examples]
the following keywords are unknown and will be ignored: [$id, examples]
the following keywords are unknown and will be ignored: [$id, examples]
the following keywords are unknown and will be ignored: [$id, examples]
the following keywords are unknown and will be ignored: [$id, examples]
the following keywords are unknown and will be ignored: [$id, examples]
the following keywords are unknown and will be ignored: [$id, examples]
the following keywords are unknown and will be ignored: [$id, examples]
the following keywords are unknown and will be ignored: [$id, examples]
the following keywords are unknown and will be ignored: [$id, examples]
the following keywords are unknown and will be ignored: [$id, examples]
the following keywords are unknown and will be ignored: [$id, examples]
the following keywords are unknown and will be ignored: [$id, examples]
the following keywords are unknown and will be ignored: [$id, examples]
the following keywords are unknown and will be ignored: [$id, examples]
the following keywords are unknown and will be ignored: [$id, examples]
the following keywords are unknown and will be ignored: [$id, examples]
the following keywords are unknown and will be ignored: [$id]
the following keywords are unknown and will be ignored: [$id, examples]
the following keywords are unknown and will be ignored: [$id, examples]
the following keywords are unknown and will be ignored: [$id, examples]
the following keywords are unknown and will be ignored: [$id, examples]
the following keywords are unknown and will be ignored: [$id, examples]
the following keywords are unknown and will be ignored: [$id, examples]
the following keywords are unknown and will be ignored: [$id, examples]
the following keywords are unknown and will be ignored: [$id, examples]
the following keywords are unknown and will be ignored: [$id, examples]
the following keywords are unknown and will be ignored: [$id, examples]
the following keywords are unknown and will be ignored: [$id, examples]
the following keywords are unknown and will be ignored: [$id, examples]
the following keywords are unknown and will be ignored: [$id, examples]
the following keywords are unknown and will be ignored: [$id, examples]
the following keywords are unknown and will be ignored: [$id, examples]
the following keywords are unknown and will be ignored: [$id, examples]
the following keywords are unknown and will be ignored: [$id, examples]
the following keywords are unknown and will be ignored: [$id, examples]
the following keywords are unknown and will be ignored: [$id, examples]
the following keywords are unknown and will be ignored: [$id, examples]
the following keywords are unknown and will be ignored: [$id, examples]
the following keywords are unknown and will be ignored: [$id, examples]
the following keywords are unknown and will be ignored: [$id, examples]
the following keywords are unknown and will be ignored: [$id, examples]
the following keywords are unknown and will be ignored: [$id, examples]
the following keywords are unknown and will be ignored: [$id, examples]
the following keywords are unknown and will be ignored: [$id, examples]
the following keywords are unknown and will be ignored: [$id, examples]
the following keywords are unknown and will be ignored: [$id, examples]
the following keywords are unknown and will be ignored: [$id, examples]
the following keywords are unknown and will be ignored: [$id, examples]
the following keywords are unknown and will be ignored: [$id, examples]
the following keywords are unknown and will be ignored: [$id, examples]
the following keywords are unknown and will be ignored: [$id, examples]
the following keywords are unknown and will be ignored: [$id, examples]
the following keywords are unknown and will be ignored: [$id, examples]
the following keywords are unknown and will be ignored: [$id, examples]
the following keywords are unknown and will be ignored: [$id, examples]
the following keywords are unknown and will be ignored: [$id, examples]
the following keywords are unknown and will be ignored: [$id, examples]
the following keywords are unknown and will be ignored: [$id, examples]
the following keywords are unknown and will be ignored: [$id, examples]
the following keywords are unknown and will be ignored: [$id, examples]
the following keywords are unknown and will be ignored: [$id, examples]
the following keywords are unknown and will be ignored: [$id, examples]
the following keywords are unknown and will be ignored: [$id, examples]
the following keywords are unknown and will be ignored: [$id, examples]
the following keywords are unknown and will be ignored: [$id, examples]
the following keywords are unknown and will be ignored: [$id, examples]
the following keywords are unknown and will be ignored: [$id, examples]
the following keywords are unknown and will be ignored: [$id, examples]
the following keywords are unknown and will be ignored: [$id, examples]
the following keywords are unknown and will be ignored: [$id, examples]
the following keywords are unknown and will be ignored: [$id, examples]
the following keywords are unknown and will be ignored: [$id, examples]
the following keywords are unknown and will be ignored: [$id, examples]
the following keywords are unknown and will be ignored: [$id, examples]
the following keywords are unknown and will be ignored: [$id, examples]
the following keywords are unknown and will be ignored: [$id, examples]
the following keywords are unknown and will be ignored: [$id, examples]
the following keywords are unknown and will be ignored: [$id, examples]
the following keywords are unknown and will be ignored: [$id, examples]
the following keywords are unknown and will be ignored: [$id, examples]
the following keywords are unknown and will be ignored: [$id, examples]
the following keywords are unknown and will be ignored: [$id, examples]
the following keywords are unknown and will be ignored: [$id, examples]
the following keywords are unknown and will be ignored: [$id]
the following keywords are unknown and will be ignored: [$id, examples]
the following keywords are unknown and will be ignored: [$id, examples]
the following keywords are unknown and will be ignored: [$id, examples]
the following keywords are unknown and will be ignored: [$id, examples]
the following keywords are unknown and will be ignored: [$id, examples]
the following keywords are unknown and will be ignored: [$id, examples]
the following keywords are unknown and will be ignored: [$id, examples]
the following keywords are unknown and will be ignored: [$id, examples]
the following keywords are unknown and will be ignored: [$id, examples]
the following keywords are unknown and will be ignored: [$id, examples]
the following keywords are unknown and will be ignored: [$id, examples]
the following keywords are unknown and will be ignored: [$id, examples]
the following keywords are unknown and will be ignored: [$id, examples]
the following keywords are unknown and will be ignored: [$id, examples]
the following keywords are unknown and will be ignored: [$id, examples]
the following keywords are unknown and will be ignored: [$id, examples]
the following keywords are unknown and will be ignored: [$id, examples]
the following keywords are unknown and will be ignored: [$id, examples]
the following keywords are unknown and will be ignored: [$id, examples]
the following keywords are unknown and will be ignored: [$id, examples]
the following keywords are unknown and will be ignored: [$id, examples]
the following keywords are unknown and will be ignored: [$id, examples]
the following keywords are unknown and will be ignored: [$id, examples]
the following keywords are unknown and will be ignored: [$id, examples]
the following keywords are unknown and will be ignored: [$id, examples]
the following keywords are unknown and will be ignored: [$id, examples]
the following keywords are unknown and will be ignored: [$id, examples]
the following keywords are unknown and will be ignored: [$id, examples]
the following keywords are unknown and will be ignored: [$id, examples]
the following keywords are unknown and will be ignored: [$id, examples]
the following keywords are unknown and will be ignored: [$id, examples]
the following keywords are unknown and will be ignored: [$id, examples]
the following keywords are unknown and will be ignored: [$id, examples]
the following keywords are unknown and will be ignored: [$id, examples]
the following keywords are unknown and will be ignored: [$id, examples]
the following keywords are unknown and will be ignored: [$id, examples]
the following keywords are unknown and will be ignored: [$id, examples]
the following keywords are unknown and will be ignored: [$id, examples]
the following keywords are unknown and will be ignored: [$id, examples]
the following keywords are unknown and will be ignored: [$id, examples]
the following keywords are unknown and will be ignored: [$id, examples]
the following keywords are unknown and will be ignored: [$id, examples]
the following keywords are unknown and will be ignored: [$id, examples]
the following keywords are unknown and will be ignored: [$id, examples]
the following keywords are unknown and will be ignored: [$id, examples]
the following keywords are unknown and will be ignored: [$id, examples]
the following keywords are unknown and will be ignored: [$id, examples]
the following keywords are unknown and will be ignored: [$id, examples]
the following keywords are unknown and will be ignored: [$id, examples]
the following keywords are unknown and will be ignored: [$id, examples]
the following keywords are unknown and will be ignored: [$id, examples]
the following keywords are unknown and will be ignored: [$id, examples]
the following keywords are unknown and will be ignored: [$id, examples]
the following keywords are unknown and will be ignored: [$id, examples]
the following keywords are unknown and will be ignored: [$id, examples]
the following keywords are unknown and will be ignored: [$id, examples]
the following keywords are unknown and will be ignored: [$id, examples]
the following keywords are unknown and will be ignored: [$id, examples]
the following keywords are unknown and will be ignored: [$id, examples]
the following keywords are unknown and will be ignored: [$id, examples]
the following keywords are unknown and will be ignored: [$id, examples]
the following keywords are unknown and will be ignored: [$id, examples]
the following keywords are unknown and will be ignored: [$id, examples]
the following keywords are unknown and will be ignored: [$id, examples]
the following keywords are unknown and will be ignored: [$id, examples]
the following keywords are unknown and will be ignored: [$id, examples]
the following keywords are unknown and will be ignored: [$id]
the following keywords are unknown and will be ignored: [$id, examples]
the following keywords are unknown and will be ignored: [$id, examples]
the following keywords are unknown and will be ignored: [$id, examples]
the following keywords are unknown and will be ignored: [$id, examples]
the following keywords are unknown and will be ignored: [$id, examples]
the following keywords are unknown and will be ignored: [$id, examples]
the following keywords are unknown and will be ignored: [$id, examples]
the following keywords are unknown and will be ignored: [$id, examples]
the following keywords are unknown and will be ignored: [$id, examples]
the following keywords are unknown and will be ignored: [$id, examples]
the following keywords are unknown and will be ignored: [$id, examples]
the following keywords are unknown and will be ignored: [$id, examples]
the following keywords are unknown and will be ignored: [$id, examples]
the following keywords are unknown and will be ignored: [$id, examples]
the following keywords are unknown and will be ignored: [$id, examples]
the following keywords are unknown and will be ignored: [$id, examples]
the following keywords are unknown and will be ignored: [$id, examples]
the following keywords are unknown and will be ignored: [$id, examples]
the following keywords are unknown and will be ignored: [$id, examples]
the following keywords are unknown and will be ignored: [$id, examples]
the following keywords are unknown and will be ignored: [$id, examples]
the following keywords are unknown and will be ignored: [$id, examples]
the following keywords are unknown and will be ignored: [$id, examples]
the following keywords are unknown and will be ignored: [$id, examples]
the following keywords are unknown and will be ignored: [$id, examples]
the following keywords are unknown and will be ignored: [$id, examples]
the following keywords are unknown and will be ignored: [$id, examples]
the following keywords are unknown and will be ignored: [$id, examples]
the following keywords are unknown and will be ignored: [$id, examples]
the following keywords are unknown and will be ignored: [$id, examples]
the following keywords are unknown and will be ignored: [$id, examples]
the following keywords are unknown and will be ignored: [$id, examples]
the following keywords are unknown and will be ignored: [$id, examples]
the following keywords are unknown and will be ignored: [$id, examples]
the following keywords are unknown and will be ignored: [$id, examples]
the following keywords are unknown and will be ignored: [$id, examples]
the following keywords are unknown and will be ignored: [$id, examples]
the following keywords are unknown and will be ignored: [$id, examples]
the following keywords are unknown and will be ignored: [$id, examples]
the following keywords are unknown and will be ignored: [$id, examples]
the following keywords are unknown and will be ignored: [$id, examples]
the following keywords are unknown and will be ignored: [$id, examples]
the following keywords are unknown and will be ignored: [$id, examples]
the following keywords are unknown and will be ignored: [$id, examples]
the following keywords are unknown and will be ignored: [$id, examples]
the following keywords are unknown and will be ignored: [$id, examples]
the following keywords are unknown and will be ignored: [$id, examples]
the following keywords are unknown and will be ignored: [$id, examples]
the following keywords are unknown and will be ignored: [$id, examples]
the following keywords are unknown and will be ignored: [$id, examples]
the following keywords are unknown and will be ignored: [$id, examples]
the following keywords are unknown and will be ignored: [$id, examples]
the following keywords are unknown and will be ignored: [$id, examples]
the following keywords are unknown and will be ignored: [$id, examples]
the following keywords are unknown and will be ignored: [$id, examples]
the following keywords are unknown and will be ignored: [$id, examples]
the following keywords are unknown and will be ignored: [$id, examples]
the following keywords are unknown and will be ignored: [$id, examples]
the following keywords are unknown and will be ignored: [$id, examples]
the following keywords are unknown and will be ignored: [$id, examples]
the following keywords are unknown and will be ignored: [$id, examples]
the following keywords are unknown and will be ignored: [$id, examples]
the following keywords are unknown and will be ignored: [$id, examples]
the following keywords are unknown and will be ignored: [$id, examples]
the following keywords are unknown and will be ignored: [$id, examples]
the following keywords are unknown and will be ignored: [$id, examples]
the following keywords are unknown and will be ignored: [$id]
the following keywords are unknown and will be ignored: [$id, examples]
the following keywords are unknown and will be ignored: [$id, examples]
the following keywords are unknown and will be ignored: [$id, examples]
the following keywords are unknown and will be ignored: [$id, examples]
the following keywords are unknown and will be ignored: [$id, examples]
the following keywords are unknown and will be ignored: [$id, examples]
the following keywords are unknown and will be ignored: [$id, examples]
the following keywords are unknown and will be ignored: [$id, examples]
the following keywords are unknown and will be ignored: [$id, examples]
the following keywords are unknown and will be ignored: [$id, examples]
the following keywords are unknown and will be ignored: [$id, examples]
the following keywords are unknown and will be ignored: [$id, examples]
the following keywords are unknown and will be ignored: [$id, examples]
the following keywords are unknown and will be ignored: [$id, examples]
the following keywords are unknown and will be ignored: [$id, examples]
the following keywords are unknown and will be ignored: [$id, examples]
the following keywords are unknown and will be ignored: [$id, examples]
the following keywords are unknown and will be ignored: [$id, examples]
the following keywords are unknown and will be ignored: [$id, examples]
the following keywords are unknown and will be ignored: [$id, examples]
the following keywords are unknown and will be ignored: [$id, examples]
the following keywords are unknown and will be ignored: [$id, examples]
the following keywords are unknown and will be ignored: [$id, examples]
the following keywords are unknown and will be ignored: [$id, examples]
the following keywords are unknown and will be ignored: [$id, examples]
the following keywords are unknown and will be ignored: [$id, examples]
the following keywords are unknown and will be ignored: [$id, examples]
the following keywords are unknown and will be ignored: [$id, examples]
the following keywords are unknown and will be ignored: [$id, examples]
the following keywords are unknown and will be ignored: [$id, examples]
the following keywords are unknown and will be ignored: [$id, examples]
the following keywords are unknown and will be ignored: [$id, examples]
the following keywords are unknown and will be ignored: [$id, examples]
the following keywords are unknown and will be ignored: [$id, examples]
the following keywords are unknown and will be ignored: [$id, examples]
the following keywords are unknown and will be ignored: [$id, examples]
the following keywords are unknown and will be ignored: [$id, examples]
the following keywords are unknown and will be ignored: [$id, examples]
the following keywords are unknown and will be ignored: [$id, examples]
the following keywords are unknown and will be ignored: [$id, examples]
the following keywords are unknown and will be ignored: [$id, examples]
the following keywords are unknown and will be ignored: [$id, examples]
the following keywords are unknown and will be ignored: [$id, examples]
the following keywords are unknown and will be ignored: [$id, examples]
the following keywords are unknown and will be ignored: [$id, examples]
the following keywords are unknown and will be ignored: [$id, examples]
the following keywords are unknown and will be ignored: [$id, examples]
the following keywords are unknown and will be ignored: [$id, examples]
the following keywords are unknown and will be ignored: [$id, examples]
the following keywords are unknown and will be ignored: [$id, examples]
the following keywords are unknown and will be ignored: [$id, examples]
the following keywords are unknown and will be ignored: [$id, examples]
the following keywords are unknown and will be ignored: [$id, examples]
the following keywords are unknown and will be ignored: [$id, examples]
the following keywords are unknown and will be ignored: [$id, examples]
the following keywords are unknown and will be ignored: [$id, examples]
the following keywords are unknown and will be ignored: [$id, examples]
the following keywords are unknown and will be ignored: [$id, examples]
the following keywords are unknown and will be ignored: [$id, examples]
the following keywords are unknown and will be ignored: [$id, examples]
the following keywords are unknown and will be ignored: [$id, examples]
the following keywords are unknown and will be ignored: [$id, examples]
the following keywords are unknown and will be ignored: [$id, examples]
the following keywords are unknown and will be ignored: [$id, examples]
the following keywords are unknown and will be ignored: [$id, examples]
the following keywords are unknown and will be ignored: [$id, examples]
the following keywords are unknown and will be ignored: [$id]
the following keywords are unknown and will be ignored: [$id, examples]
the following keywords are unknown and will be ignored: [$id, examples]
the following keywords are unknown and will be ignored: [$id, examples]
the following keywords are unknown and will be ignored: [$id, examples]
the following keywords are unknown and will be ignored: [$id, examples]
the following keywords are unknown and will be ignored: [$id, examples]
the following keywords are unknown and will be ignored: [$id, examples]
the following keywords are unknown and will be ignored: [$id, examples]
the following keywords are unknown and will be ignored: [$id, examples]
the following keywords are unknown and will be ignored: [$id, examples]
the following keywords are unknown and will be ignored: [$id, examples]
the following keywords are unknown and will be ignored: [$id, examples]
the following keywords are unknown and will be ignored: [$id, examples]
the following keywords are unknown and will be ignored: [$id, examples]
the following keywords are unknown and will be ignored: [$id, examples]
the following keywords are unknown and will be ignored: [$id, examples]
the following keywords are unknown and will be ignored: [$id, examples]
the following keywords are unknown and will be ignored: [$id, examples]
the following keywords are unknown and will be ignored: [$id, examples]
the following keywords are unknown and will be ignored: [$id, examples]
the following keywords are unknown and will be ignored: [$id, examples]
the following keywords are unknown and will be ignored: [$id, examples]
the following keywords are unknown and will be ignored: [$id, examples]
the following keywords are unknown and will be ignored: [$id, examples]
the following keywords are unknown and will be ignored: [$id, examples]
the following keywords are unknown and will be ignored: [$id, examples]
the following keywords are unknown and will be ignored: [$id, examples]
the following keywords are unknown and will be ignored: [$id, examples]
the following keywords are unknown and will be ignored: [$id, examples]
the following keywords are unknown and will be ignored: [$id, examples]
the following keywords are unknown and will be ignored: [$id, examples]
the following keywords are unknown and will be ignored: [$id, examples]
the following keywords are unknown and will be ignored: [$id, examples]
the following keywords are unknown and will be ignored: [$id, examples]
the following keywords are unknown and will be ignored: [$id, examples]
the following keywords are unknown and will be ignored: [$id, examples]
the following keywords are unknown and will be ignored: [$id, examples]
the following keywords are unknown and will be ignored: [$id, examples]
the following keywords are unknown and will be ignored: [$id, examples]
the following keywords are unknown and will be ignored: [$id, examples]
the following keywords are unknown and will be ignored: [$id, examples]
the following keywords are unknown and will be ignored: [$id, examples]
the following keywords are unknown and will be ignored: [$id, examples]
the following keywords are unknown and will be ignored: [$id, examples]
the following keywords are unknown and will be ignored: [$id, examples]
the following keywords are unknown and will be ignored: [$id, examples]
the following keywords are unknown and will be ignored: [$id, examples]
the following keywords are unknown and will be ignored: [$id, examples]
the following keywords are unknown and will be ignored: [$id, examples]
the following keywords are unknown and will be ignored: [$id, examples]
the following keywords are unknown and will be ignored: [$id, examples]
the following keywords are unknown and will be ignored: [$id, examples]
the following keywords are unknown and will be ignored: [$id, examples]
the following keywords are unknown and will be ignored: [$id, examples]
the following keywords are unknown and will be ignored: [$id, examples]
the following keywords are unknown and will be ignored: [$id, examples]
the following keywords are unknown and will be ignored: [$id, examples]
the following keywords are unknown and will be ignored: [$id, examples]
the following keywords are unknown and will be ignored: [$id, examples]
the following keywords are unknown and will be ignored: [$id, examples]
the following keywords are unknown and will be ignored: [$id, examples]
the following keywords are unknown and will be ignored: [$id, examples]
the following keywords are unknown and will be ignored: [$id, examples]
the following keywords are unknown and will be ignored: [$id, examples]
the following keywords are unknown and will be ignored: [$id, examples]
the following keywords are unknown and will be ignored: [$id, examples]
the following keywords are unknown and will be ignored: [$id]
the following keywords are unknown and will be ignored: [$id, examples]
the following keywords are unknown and will be ignored: [$id, examples]
the following keywords are unknown and will be ignored: [$id, examples]
the following keywords are unknown and will be ignored: [$id, examples]
the following keywords are unknown and will be ignored: [$id, examples]
the following keywords are unknown and will be ignored: [$id, examples]
the following keywords are unknown and will be ignored: [$id, examples]
the following keywords are unknown and will be ignored: [$id, examples]
the following keywords are unknown and will be ignored: [$id, examples]
the following keywords are unknown and will be ignored: [$id, examples]
the following keywords are unknown and will be ignored: [$id, examples]
the following keywords are unknown and will be ignored: [$id, examples]
the following keywords are unknown and will be ignored: [$id, examples]
the following keywords are unknown and will be ignored: [$id, examples]
the following keywords are unknown and will be ignored: [$id, examples]
the following keywords are unknown and will be ignored: [$id, examples]
the following keywords are unknown and will be ignored: [$id, examples]
the following keywords are unknown and will be ignored: [$id, examples]
the following keywords are unknown and will be ignored: [$id, examples]
the following keywords are unknown and will be ignored: [$id, examples]
the following keywords are unknown and will be ignored: [$id, examples]
the following keywords are unknown and will be ignored: [$id, examples]
the following keywords are unknown and will be ignored: [$id, examples]
the following keywords are unknown and will be ignored: [$id, examples]
the following keywords are unknown and will be ignored: [$id, examples]
the following keywords are unknown and will be ignored: [$id, examples]
the following keywords are unknown and will be ignored: [$id, examples]
the following keywords are unknown and will be ignored: [$id, examples]
the following keywords are unknown and will be ignored: [$id, examples]
the following keywords are unknown and will be ignored: [$id, examples]
the following keywords are unknown and will be ignored: [$id, examples]
the following keywords are unknown and will be ignored: [$id, examples]
the following keywords are unknown and will be ignored: [$id, examples]
the following keywords are unknown and will be ignored: [$id, examples]
the following keywords are unknown and will be ignored: [$id, examples]
the following keywords are unknown and will be ignored: [$id, examples]
the following keywords are unknown and will be ignored: [$id, examples]
the following keywords are unknown and will be ignored: [$id, examples]
the following keywords are unknown and will be ignored: [$id, examples]
the following keywords are unknown and will be ignored: [$id, examples]
the following keywords are unknown and will be ignored: [$id, examples]
the following keywords are unknown and will be ignored: [$id, examples]
the following keywords are unknown and will be ignored: [$id, examples]
the following keywords are unknown and will be ignored: [$id, examples]
the following keywords are unknown and will be ignored: [$id, examples]
the following keywords are unknown and will be ignored: [$id, examples]
the following keywords are unknown and will be ignored: [$id, examples]
the following keywords are unknown and will be ignored: [$id, examples]
the following keywords are unknown and will be ignored: [$id, examples]
the following keywords are unknown and will be ignored: [$id, examples]
the following keywords are unknown and will be ignored: [$id, examples]
the following keywords are unknown and will be ignored: [$id, examples]
the following keywords are unknown and will be ignored: [$id, examples]
the following keywords are unknown and will be ignored: [$id, examples]
the following keywords are unknown and will be ignored: [$id, examples]
the following keywords are unknown and will be ignored: [$id, examples]
the following keywords are unknown and will be ignored: [$id, examples]
the following keywords are unknown and will be ignored: [$id, examples]
the following keywords are unknown and will be ignored: [$id, examples]
the following keywords are unknown and will be ignored: [$id, examples]
the following keywords are unknown and will be ignored: [$id, examples]
the following keywords are unknown and will be ignored: [$id, examples]
the following keywords are unknown and will be ignored: [$id, examples]
the following keywords are unknown and will be ignored: [$id, examples]
the following keywords are unknown and will be ignored: [$id]
the following keywords are unknown and will be ignored: [$id, examples]
the following keywords are unknown and will be ignored: [$id, examples]
the following keywords are unknown and will be ignored: [$id, examples]
the following keywords are unknown and will be ignored: [$id, examples]
the following keywords are unknown and will be ignored: [$id, examples]
the following keywords are unknown and will be ignored: [$id, examples]
the following keywords are unknown and will be ignored: [$id, examples]
the following keywords are unknown and will be ignored: [$id, examples]
the following keywords are unknown and will be ignored: [$id, examples]
the following keywords are unknown and will be ignored: [$id, examples]
the following keywords are unknown and will be ignored: [$id, examples]
the following keywords are unknown and will be ignored: [$id, examples]
the following keywords are unknown and will be ignored: [$id, examples]
the following keywords are unknown and will be ignored: [$id, examples]
the following keywords are unknown and will be ignored: [$id, examples]
the following keywords are unknown and will be ignored: [$id, examples]
the following keywords are unknown and will be ignored: [$id, examples]
the following keywords are unknown and will be ignored: [$id, examples]
the following keywords are unknown and will be ignored: [$id, examples]
the following keywords are unknown and will be ignored: [$id, examples]
the following keywords are unknown and will be ignored: [$id, examples]
the following keywords are unknown and will be ignored: [$id, examples]
the following keywords are unknown and will be ignored: [$id, examples]
the following keywords are unknown and will be ignored: [$id, examples]
the following keywords are unknown and will be ignored: [$id, examples]
the following keywords are unknown and will be ignored: [$id, examples]
the following keywords are unknown and will be ignored: [$id, examples]
the following keywords are unknown and will be ignored: [$id, examples]
the following keywords are unknown and will be ignored: [$id, examples]
the following keywords are unknown and will be ignored: [$id, examples]
the following keywords are unknown and will be ignored: [$id, examples]
the following keywords are unknown and will be ignored: [$id, examples]
the following keywords are unknown and will be ignored: [$id, examples]
the following keywords are unknown and will be ignored: [$id, examples]
the following keywords are unknown and will be ignored: [$id, examples]
the following keywords are unknown and will be ignored: [$id, examples]
the following keywords are unknown and will be ignored: [$id, examples]
the following keywords are unknown and will be ignored: [$id, examples]
the following keywords are unknown and will be ignored: [$id, examples]
the following keywords are unknown and will be ignored: [$id, examples]
the following keywords are unknown and will be ignored: [$id, examples]
the following keywords are unknown and will be ignored: [$id, examples]
the following keywords are unknown and will be ignored: [$id, examples]
the following keywords are unknown and will be ignored: [$id, examples]
the following keywords are unknown and will be ignored: [$id, examples]
the following keywords are unknown and will be ignored: [$id, examples]
the following keywords are unknown and will be ignored: [$id, examples]
the following keywords are unknown and will be ignored: [$id, examples]
the following keywords are unknown and will be ignored: [$id, examples]
the following keywords are unknown and will be ignored: [$id, examples]
the following keywords are unknown and will be ignored: [$id, examples]
the following keywords are unknown and will be ignored: [$id, examples]
the following keywords are unknown and will be ignored: [$id, examples]
the following keywords are unknown and will be ignored: [$id, examples]
the following keywords are unknown and will be ignored: [$id, examples]
the following keywords are unknown and will be ignored: [$id, examples]
the following keywords are unknown and will be ignored: [$id, examples]
the following keywords are unknown and will be ignored: [$id, examples]
the following keywords are unknown and will be ignored: [$id, examples]
the following keywords are unknown and will be ignored: [$id, examples]
[...]
the following keywords are unknown and will be ignored: [$id, examples]
the following keywords are unknown and will be ignored: [$id, examples]
the following keywords are unknown and will be ignored: [$id, examples]
the following keywords are unknown and will be ignored: [$id, examples]
the following keywords are unknown and will be ignored: [$id, examples]
the following keywords are unknown and will be ignored: [$id, examples]
the following keywords are unknown and will be ignored: [$id, examples]
the following keywords are unknown and will be ignored: [$id, examples]
the following keywords are unknown and will be ignored: [$id, examples]
the following keywords are unknown and will be ignored: [$id, examples]
the following keywords are unknown and will be ignored: [$id, examples]
the following keywords are unknown and will be ignored: [$id, examples]
the following keywords are unknown and will be ignored: [$id, examples]
the following keywords are unknown and will be ignored: [$id, examples]
the following keywords are unknown and will be ignored: [$id, examples]
the following keywords are unknown and will be ignored: [$id, examples]
the following keywords are unknown and will be ignored: [$id, examples]
the following keywords are unknown and will be ignored: [$id, examples]
the following keywords are unknown and will be ignored: [$id, examples]
the following keywords are unknown and will be ignored: [$id, examples]
the following keywords are unknown and will be ignored: [$id, examples]
the following keywords are unknown and will be ignored: [$id, examples]
the following keywords are unknown and will be ignored: [$id, examples]
the following keywords are unknown and will be ignored: [$id, examples]
the following keywords are unknown and will be ignored: [$id]
the following keywords are unknown and will be ignored: [$id, examples]
the following keywords are unknown and will be ignored: [$id, examples]
the following keywords are unknown and will be ignored: [$id, examples]
the following keywords are unknown and will be ignored: [$id, examples]
the following keywords are unknown and will be ignored: [$id, examples]
the following keywords are unknown and will be ignored: [$id, examples]
the following keywords are unknown and will be ignored: [$id, examples]
the following keywords are unknown and will be ignored: [$id, examples]
the following keywords are unknown and will be ignored: [$id, examples]
the following keywords are unknown and will be ignored: [$id, examples]
the following keywords are unknown and will be ignored: [$id, examples]
the following keywords are unknown and will be ignored: [$id, examples]
the following keywords are unknown and will be ignored: [$id, examples]
the following keywords are unknown and will be ignored: [$id, examples]
the following keywords are unknown and will be ignored: [$id, examples]
the following keywords are unknown and will be ignored: [$id, examples]
the following keywords are unknown and will be ignored: [$id, examples]
the following keywords are unknown and will be ignored: [$id, examples]
the following keywords are unknown and will be ignored: [$id, examples]
the following keywords are unknown and will be ignored: [$id, examples]
the following keywords are unknown and will be ignored: [$id, examples]
the following keywords are unknown and will be ignored: [$id, examples]
the following keywords are unknown and will be ignored: [$id, examples]
the following keywords are unknown and will be ignored: [$id, examples]
the following keywords are unknown and will be ignored: [$id, examples]
the following keywords are unknown and will be ignored: [$id, examples]
the following keywords are unknown and will be ignored: [$id, examples]
the following keywords are unknown and will be ignored: [$id, examples]
the following keywords are unknown and will be ignored: [$id, examples]
the following keywords are unknown and will be ignored: [$id, examples]
the following keywords are unknown and will be ignored: [$id, examples]
the following keywords are unknown and will be ignored: [$id, examples]
the following keywords are unknown and will be ignored: [$id, examples]
the following keywords are unknown and will be ignored: [$id]
the following keywords are unknown and will be ignored: [$id, examples]
the following keywords are unknown and will be ignored: [$id, examples]
the following keywords are unknown and will be ignored: [$id, examples]
the following keywords are unknown and will be ignored: [$id, examples]
the following keywords are unknown and will be ignored: [$id, examples]
the following keywords are unknown and will be ignored: [$id, examples]
the following keywords are unknown and will be ignored: [$id, examples]
the following keywords are unknown and will be ignored: [$id, examples]
the following keywords are unknown and will be ignored: [$id, examples]
the following keywords are unknown and will be ignored: [$id, examples]
the following keywords are unknown and will be ignored: [$id, examples]
the following keywords are unknown and will be ignored: [$id, examples]
the following keywords are unknown and will be ignored: [$id, examples]
the following keywords are unknown and will be ignored: [$id, examples]
the following keywords are unknown and will be ignored: [$id, examples]
the following keywords are unknown and will be ignored: [$id, examples]
the following keywords are unknown and will be ignored: [$id, examples]
the following keywords are unknown and will be ignored: [$id, examples]
the following keywords are unknown and will be ignored: [$id, examples]
the following keywords are unknown and will be ignored: [$id, examples]
the following keywords are unknown and will be ignored: [$id, examples]
the following keywords are unknown and will be ignored: [$id, examples]
the following keywords are unknown and will be ignored: [$id, examples]
the following keywords are unknown and will be ignored: [$id, examples]
the following keywords are unknown and will be ignored: [$id, examples]
the following keywords are unknown and will be ignored: [$id, examples]
the following keywords are unknown and will be ignored: [$id, examples]
the following keywords are unknown and will be ignored: [$id, examples]
the following keywords are unknown and will be ignored: [$id, examples]
the following keywords are unknown and will be ignored: [$id, examples]
the following keywords are unknown and will be ignored: [$id, examples]
the following keywords are unknown and will be ignored: [$id, examples]
the following keywords are unknown and will be ignored: [$id, examples]
the following keywords are unknown and will be ignored: [$id]
the following keywords are unknown and will be ignored: [$id, examples]
the following keywords are unknown and will be ignored: [$id, examples]
the following keywords are unknown and will be ignored: [$id, examples]
the following keywords are unknown and will be ignored: [$id, examples]
the following keywords are unknown and will be ignored: [$id, examples]
the following keywords are unknown and will be ignored: [$id, examples]
the following keywords are unknown and will be ignored: [$id, examples]
the following keywords are unknown and will be ignored: [$id, examples]
the following keywords are unknown and will be ignored: [$id, examples]
the following keywords are unknown and will be ignored: [$id, examples]
the following keywords are unknown and will be ignored: [$id, examples]
the following keywords are unknown and will be ignored: [$id, examples]
the following keywords are unknown and will be ignored: [$id, examples]
the following keywords are unknown and will be ignored: [$id, examples]
the following keywords are unknown and will be ignored: [$id, examples]
the following keywords are unknown and will be ignored: [$id, examples]
the following keywords are unknown and will be ignored: [$id, examples]
the following keywords are unknown and will be ignored: [$id, examples]
the following keywords are unknown and will be ignored: [$id, examples]
the following keywords are unknown and will be ignored: [$id, examples]
the following keywords are unknown and will be ignored: [$id, examples]
the following keywords are unknown and will be ignored: [$id, examples]
the following keywords are unknown and will be ignored: [$id, examples]
the following keywords are unknown and will be ignored: [$id, examples]
the following keywords are unknown and will be ignored: [$id, examples]
the following keywords are unknown and will be ignored: [$id, examples]
the following keywords are unknown and will be ignored: [$id, examples]
the following keywords are unknown and will be ignored: [$id, examples]
the following keywords are unknown and will be ignored: [$id, examples]
the following keywords are unknown and will be ignored: [$id, examples]
the following keywords are unknown and will be ignored: [$id, examples]
the following keywords are unknown and will be ignored: [$id, examples]
the following keywords are unknown and will be ignored: [$id, examples]
the following keywords are unknown and will be ignored: [$id]
the following keywords are unknown and will be ignored: [$id, examples]
the following keywords are unknown and will be ignored: [$id, examples]
the following keywords are unknown and will be ignored: [$id, examples]
the following keywords are unknown and will be ignored: [$id, examples]
the following keywords are unknown and will be ignored: [$id, examples]
the following keywords are unknown and will be ignored: [$id, examples]
the following keywords are unknown and will be ignored: [$id, examples]
the following keywords are unknown and will be ignored: [$id, examples]
the following keywords are unknown and will be ignored: [$id, examples]
the following keywords are unknown and will be ignored: [$id, examples]
the following keywords are unknown and will be ignored: [$id, examples]
the following keywords are unknown and will be ignored: [$id, examples]
the following keywords are unknown and will be ignored: [$id, examples]
the following keywords are unknown and will be ignored: [$id, examples]
the following keywords are unknown and will be ignored: [$id, examples]
the following keywords are unknown and will be ignored: [$id, examples]
the following keywords are unknown and will be ignored: [$id, examples]
the following keywords are unknown and will be ignored: [$id, examples]
the following keywords are unknown and will be ignored: [$id, examples]
the following keywords are unknown and will be ignored: [$id, examples]
the following keywords are unknown and will be ignored: [$id, examples]
the following keywords are unknown and will be ignored: [$id, examples]
the following keywords are unknown and will be ignored: [$id, examples]
the following keywords are unknown and will be ignored: [$id, examples]
the following keywords are unknown and will be ignored: [$id, examples]
the following keywords are unknown and will be ignored: [$id, examples]
the following keywords are unknown and will be ignored: [$id, examples]
the following keywords are unknown and will be ignored: [$id, examples]
the following keywords are unknown and will be ignored: [$id, examples]
the following keywords are unknown and will be ignored: [$id, examples]
the following keywords are unknown and will be ignored: [$id, examples]
the following keywords are unknown and will be ignored: [$id, examples]
the following keywords are unknown and will be ignored: [$id, examples]
the following keywords are unknown and will be ignored: [$id]
the following keywords are unknown and will be ignored: [$id, examples]
the following keywords are unknown and will be ignored: [$id, examples]
the following keywords are unknown and will be ignored: [$id, examples]
the following keywords are unknown and will be ignored: [$id, examples]
the following keywords are unknown and will be ignored: [$id, examples]
the following keywords are unknown and will be ignored: [$id, examples]
the following keywords are unknown and will be ignored: [$id, examples]
the following keywords are unknown and will be ignored: [$id, examples]
the following keywords are unknown and will be ignored: [$id, examples]
the following keywords are unknown and will be ignored: [$id, examples]
the following keywords are unknown and will be ignored: [$id, examples]
the following keywords are unknown and will be ignored: [$id, examples]
the following keywords are unknown and will be ignored: [$id, examples]
the following keywords are unknown and will be ignored: [$id, examples]
the following keywords are unknown and will be ignored: [$id, examples]
the following keywords are unknown and will be ignored: [$id, examples]
the following keywords are unknown and will be ignored: [$id, examples]
the following keywords are unknown and will be ignored: [$id, examples]
the following keywords are unknown and will be ignored: [$id, examples]
the following keywords are unknown and will be ignored: [$id, examples]
the following keywords are unknown and will be ignored: [$id, examples]
the following keywords are unknown and will be ignored: [$id, examples]
the following keywords are unknown and will be ignored: [$id, examples]
the following keywords are unknown and will be ignored: [$id, examples]
the following keywords are unknown and will be ignored: [$id, examples]
the following keywords are unknown and will be ignored: [$id, examples]
the following keywords are unknown and will be ignored: [$id, examples]
the following keywords are unknown and will be ignored: [$id, examples]
the following keywords are unknown and will be ignored: [$id, examples]
the following keywords are unknown and will be ignored: [$id, examples]
the following keywords are unknown and will be ignored: [$id, examples]
the following keywords are unknown and will be ignored: [$id, examples]
the following keywords are unknown and will be ignored: [$id, examples]
the following keywords are unknown and will be ignored: [$id]
the following keywords are unknown and will be ignored: [$id, examples]
the following keywords are unknown and will be ignored: [$id, examples]
the following keywords are unknown and will be ignored: [$id, examples]
the following keywords are unknown and will be ignored: [$id, examples]
the following keywords are unknown and will be ignored: [$id, examples]
the following keywords are unknown and will be ignored: [$id, examples]
the following keywords are unknown and will be ignored: [$id, examples]
the following keywords are unknown and will be ignored: [$id, examples]
the following keywords are unknown and will be ignored: [$id, examples]
the following keywords are unknown and will be ignored: [$id, examples]
the following keywords are unknown and will be ignored: [$id, examples]
the following keywords are unknown and will be ignored: [$id, examples]
the following keywords are unknown and will be ignored: [$id, examples]
the following keywords are unknown and will be ignored: [$id, examples]
the following keywords are unknown and will be ignored: [$id, examples]
the following keywords are unknown and will be ignored: [$id, examples]
the following keywords are unknown and will be ignored: [$id, examples]
the following keywords are unknown and will be ignored: [$id, examples]
the following keywords are unknown and will be ignored: [$id, examples]
the following keywords are unknown and will be ignored: [$id, examples]
the following keywords are unknown and will be ignored: [$id, examples]
the following keywords are unknown and will be ignored: [$id, examples]
the following keywords are unknown and will be ignored: [$id, examples]
the following keywords are unknown and will be ignored: [$id, examples]
the following keywords are unknown and will be ignored: [$id, examples]
the following keywords are unknown and will be ignored: [$id, examples]
the following keywords are unknown and will be ignored: [$id, examples]
the following keywords are unknown and will be ignored: [$id, examples]
the following keywords are unknown and will be ignored: [$id, examples]
the following keywords are unknown and will be ignored: [$id, examples]
the following keywords are unknown and will be ignored: [$id, examples]
the following keywords are unknown and will be ignored: [$id, examples]
the following keywords are unknown and will be ignored: [$id, examples]
the following keywords are unknown and will be ignored: [$id, examples]
</system-out>
  </testcase>
  <testcase name="sysadminCurrencyControllerCurrencyRetrievalGet" classname="api.SysadminApiTest" time="0"/>
  <testcase name="sysadminGenerateAvailableControllerlGetNextAvailableNumberGet" classname="api.SysadminApiTest" time="0"/>
  <testcase name="sysadminLbsSdkControllerDownloadsdkGet" classname="api.SysadminApiTest" time="0">
    <failure message="expected [200] but found [500]" type="java.lang.AssertionError">java.lang.AssertionError: expected [200] but found [500]
	at org.testng.Assert.fail(Assert.java:94)
	at org.testng.Assert.failNotEquals(Assert.java:494)
	at org.testng.Assert.assertEquals(Assert.java:123)
	at org.testng.Assert.assertEquals(Assert.java:370)
	at org.testng.Assert.assertEquals(Assert.java:380)
	at api.SysadminApiTest.sysadminLbsSdkControllerDownloadsdkGet(SysadminApiTest.java:190)
</failure>
  </testcase>
  <testcase name="sysadminLoginControllerAuthorizeGet" classname="api.SysadminApiTest" time="0">
    <failure message="expected [200] but found [403]" type="java.lang.AssertionError">java.lang.AssertionError: expected [200] but found [403]
	at org.testng.Assert.fail(Assert.java:94)
	at org.testng.Assert.failNotEquals(Assert.java:494)
	at org.testng.Assert.assertEquals(Assert.java:123)
	at org.testng.Assert.assertEquals(Assert.java:370)
	at org.testng.Assert.assertEquals(Assert.java:380)
	at api.SysadminApiTest.sysadminLoginControllerAuthorizeGet(SysadminApiTest.java:211)
</failure>
  </testcase>
  <testcase name="sysadminLoginControllerLoginInPost" classname="api.SysadminApiTest" time="0">
    <failure message="expected [200] but found [202]" type="java.lang.AssertionError">java.lang.AssertionError: expected [200] but found [202]
	at org.testng.Assert.fail(Assert.java:94)
	at org.testng.Assert.failNotEquals(Assert.java:494)
	at org.testng.Assert.assertEquals(Assert.java:123)
	at org.testng.Assert.assertEquals(Assert.java:370)
	at org.testng.Assert.assertEquals(Assert.java:380)
	at api.SysadminApiTest.sysadminLoginControllerLoginInPost(SysadminApiTest.java:229)
</failure>
  </testcase>
  <testcase name="sysadminLoginControllerUserCreationPost" classname="api.SysadminApiTest" time="0">
    <failure message="expected [200] but found [202]" type="java.lang.AssertionError">java.lang.AssertionError: expected [200] but found [202]
	at org.testng.Assert.fail(Assert.java:94)
	at org.testng.Assert.failNotEquals(Assert.java:494)
	at org.testng.Assert.assertEquals(Assert.java:123)
	at org.testng.Assert.assertEquals(Assert.java:370)
	at org.testng.Assert.assertEquals(Assert.java:380)
	at api.SysadminApiTest.sysadminLoginControllerUserCreationPost(SysadminApiTest.java:245)
</failure>
  </testcase>
  <testcase name="sysadminSandBoxSearchControllerGetSandBoxTableGet" classname="api.SysadminApiTest" time="0"/>
  <testcase name="sysadminSandBoxSearchControllerGetSandBoxTableInfoPost" classname="api.SysadminApiTest" time="0">
    <failure message="expected [200] but found [404]" type="java.lang.AssertionError">java.lang.AssertionError: expected [200] but found [404]
	at org.testng.Assert.fail(Assert.java:94)
	at org.testng.Assert.failNotEquals(Assert.java:494)
	at org.testng.Assert.assertEquals(Assert.java:123)
	at org.testng.Assert.assertEquals(Assert.java:370)
	at org.testng.Assert.assertEquals(Assert.java:380)
	at api.SysadminApiTest.sysadminSandBoxSearchControllerGetSandBoxTableInfoPost(SysadminApiTest.java:279)
</failure>
  </testcase>
  <testcase name="sysadminSysConfigControllerGetSystemParameterPost" classname="api.SysadminApiTest" time="0"/>
</testsuite>