<?xml version="1.0" encoding="UTF-8"?>
<!-- Generated by org.testng.reporters.JUnitXMLReporter -->
<testsuite hostname="LAPTOP-D2BFLFER" failures="0" tests="19" name="TestName" time="9.231" errors="0" timestamp="30 Jul 2019 08:19:43 GMT">
  <testcase classname="api.CreditCardApiTest" name="creditCardAccountOpeningPost" time="1.845"/>
  <testcase classname="api.CreditCardApiTest" name="creditCardCanCellationPost" time="1.109"/>
  <testcase classname="api.CreditCardApiTest" name="creditCardCreditLimitDetailsPost" time="0.621"/>
  <testcase classname="api.CreditCardApiTest" name="creditCardLimitDecreasePost" time="0.25"/>
  <testcase classname="api.CreditCardApiTest" name="creditCardLimitIncreasePost" time="0.383"/>
  <testcase classname="api.CreditCardApiTest" name="creditCardLossReportingPost" time="0.626"/>
  <testcase classname="api.CreditCardApiTest" name="creditCardNumberValidationPost" time="0.197"/>
  <testcase classname="api.CreditCardApiTest" name="creditCardPaymentCreditCardRepeymentPost" time="0.557"/>
  <testcase classname="api.CreditCardApiTest" name="creditCardPaymentOutstandingPaymentPost" time="0.641"/>
  <testcase classname="api.CreditCardApiTest" name="creditCardPaymentProductEnquiryPost" time="0.241"/>
  <testcase classname="api.CreditCardApiTest" name="creditCardPaymentRedemptionHistoryPost" time="0.286"/>
  <testcase classname="api.CreditCardApiTest" name="creditCardPaymentRedemptionPost" time="0.352"/>
  <testcase classname="api.CreditCardApiTest" name="creditCardPaymentTotalPointPost" time="0.278"/>
  <testcase classname="api.CreditCardApiTest" name="creditCardTransactiontRansactionDetailsPost" time="0.353"/>
  <testcase classname="api.CreditCardApiTest" name="creditCardTransactiontTransactionPostingPost" time="0.573"/>
  <testcase classname="api.CreditCardApiTest" name="merchantMerchantEnquiryGet" time="0.217"/>
  <testcase classname="api.CreditCardApiTest" name="merchantTransactionsPost" time="0.318"/>
  <testcase classname="api.CreditCardApiTest" name="vpointMerchantCategoryPost" time="0.138"/>
  <testcase classname="api.CreditCardApiTest" name="vpointNumberPost" time="0.21"/>
</testsuite> <!-- TestName -->
