<?xml version="1.0" encoding="UTF-8"?>
<!-- Generated by org.testng.reporters.JUnitXMLReporter -->
<testsuite hostname="LAPTOP-D2BFLFER" failures="24" tests="103" name="TestName" time="31.128" errors="0" timestamp="25 Jul 2019 07:31:03 GMT">
  <testcase classname="api.CreditCardApiTest" name="creditCardAccountOpeningPost" time="2.181"/>
  <testcase classname="api.CreditCardApiTest" name="creditCardCanCellationPost" time="0.919"/>
  <testcase classname="api.CreditCardApiTest" name="creditCardCreditLimitDetailsPost" time="0.718"/>
  <testcase classname="api.CreditCardApiTest" name="creditCardLimitDecreasePost" time="0.306"/>
  <testcase classname="api.CreditCardApiTest" name="creditCardLimitIncreasePost" time="0.307"/>
  <testcase classname="api.CreditCardApiTest" name="creditCardLossReportingPost" time="0.715"/>
  <testcase classname="api.CreditCardApiTest" name="creditCardNumberValidationPost" time="0.154"/>
  <testcase classname="api.CreditCardApiTest" name="creditCardPaymentCreditCardRepeymentPost" time="0.767"/>
  <testcase classname="api.CreditCardApiTest" name="creditCardPaymentOutstandingPaymentPost" time="0.941"/>
  <testcase classname="api.CreditCardApiTest" name="creditCardPaymentProductEnquiryPost" time="0.419"/>
  <testcase classname="api.CreditCardApiTest" name="creditCardPaymentRedemptionHistoryPost" time="0.312"/>
  <testcase classname="api.CreditCardApiTest" name="creditCardPaymentRedemptionPost" time="0.377"/>
  <testcase classname="api.CreditCardApiTest" name="creditCardPaymentTotalPointPost" time="0.306"/>
  <testcase classname="api.CreditCardApiTest" name="creditCardTransactiontRansactionDetailsPost" time="0.347"/>
  <testcase classname="api.CreditCardApiTest" name="creditCardTransactiontTransactionPostingPost" time="0.46"/>
  <testcase classname="api.CreditCardApiTest" name="merchantMerchantEnquiryGet" time="0.22"/>
  <testcase classname="api.CreditCardApiTest" name="merchantTransactionsPost" time="0.2"/>
  <testcase classname="api.CreditCardApiTest" name="vpointMerchantCategoryPost" time="0.115"/>
  <testcase classname="api.CreditCardApiTest" name="vpointNumberPost" time="0.089"/>
  <testcase classname="api.DepositApiTest" name="depositAccountEnquiryAccountDetailsGet" time="0.404"/>
  <testcase classname="api.DepositApiTest" name="depositAccountEnquiryAllAccountGet" time="0.553">
    <failure type="java.lang.AssertionError" message="expected [true] but found [false]">
      <![CDATA[java.lang.AssertionError: expected [true] but found [false]
	at common.JsonSchemaUtils.assertJsonSchema(JsonSchemaUtils.java:34)
	at common.JsonSchemaUtils.assertResponseJsonSchema(JsonSchemaUtils.java:40)
	at api.DepositApiTest.depositAccountEnquiryAllAccountGet(DepositApiTest.java:111)
	at java.base/java.util.concurrent.FutureTask.run(FutureTask.java:264)
	at java.base/java.util.concurrent.ThreadPoolExecutor.runWorker(ThreadPoolExecutor.java:1128)
	at java.base/java.util.concurrent.ThreadPoolExecutor$Worker.run(ThreadPoolExecutor.java:628)
	at java.base/java.lang.Thread.run(Thread.java:835)
... Removed 20 stack frames]]>
    </failure>
  </testcase> <!-- depositAccountEnquiryAllAccountGet -->
  <testcase classname="api.DepositApiTest" name="depositAccountEnquiryPost" time="0.14">
    <failure type="java.lang.AssertionError" message="expected [200] but found [400]">
      <![CDATA[java.lang.AssertionError: expected [200] but found [400]
	at api.DepositApiTest.depositAccountEnquiryPost(DepositApiTest.java:88)
	at java.base/java.util.concurrent.FutureTask.run(FutureTask.java:264)
	at java.base/java.util.concurrent.ThreadPoolExecutor.runWorker(ThreadPoolExecutor.java:1128)
	at java.base/java.util.concurrent.ThreadPoolExecutor$Worker.run(ThreadPoolExecutor.java:628)
	at java.base/java.lang.Thread.run(Thread.java:835)
... Removed 21 stack frames]]>
    </failure>
  </testcase> <!-- depositAccountEnquiryPost -->
  <testcase classname="api.DepositApiTest" name="depositAccountMaintenanceAccountClosureGet" time="0.411"/>
  <testcase classname="api.DepositApiTest" name="depositAccountOpeningAccountCreationPost" time="0.42"/>
  <testcase classname="api.DepositApiTest" name="depositCurrentAccountOpeningPost" time="0.6"/>
  <testcase classname="api.DepositApiTest" name="depositCusMainCustContactInfoUpdatePost" time="0.409"/>
  <testcase classname="api.DepositApiTest" name="depositCusMainCustomerCreationPost" time="0.41"/>
  <testcase classname="api.DepositApiTest" name="depositFeAccountOpeningPost" time="1.209"/>
  <testcase classname="api.DepositApiTest" name="depositMetAccountOpeningPost" time="0.422"/>
  <testcase classname="api.DepositApiTest" name="depositSavingAccountOpeningPost" time="0.503"/>
  <testcase classname="api.DepositApiTest" name="depositTdAccountOpeningPost" time="0.42"/>
  <testcase classname="api.DepositApiTest" name="depositTermDepositAllEnquiryCustomerNumberGet" time="0.386"/>
  <testcase classname="api.DepositApiTest" name="depositTermDepositAllTermDepositGet" time="0.485"/>
  <testcase classname="api.DepositApiTest" name="depositTermDepositTermDepositApplicationPost" time="0.767"/>
  <testcase classname="api.DepositApiTest" name="depositTermDepositTermDepositDrawDownPost" time="0.16">
    <failure type="java.lang.AssertionError" message="expected [200] but found [202]">
      <![CDATA[java.lang.AssertionError: expected [200] but found [202]
	at api.DepositApiTest.depositTermDepositTermDepositDrawDownPost(DepositApiTest.java:353)
	at java.base/java.util.concurrent.FutureTask.run(FutureTask.java:264)
	at java.base/java.util.concurrent.ThreadPoolExecutor.runWorker(ThreadPoolExecutor.java:1128)
	at java.base/java.util.concurrent.ThreadPoolExecutor$Worker.run(ThreadPoolExecutor.java:628)
	at java.base/java.lang.Thread.run(Thread.java:835)
... Removed 21 stack frames]]>
    </failure>
  </testcase> <!-- depositTermDepositTermDepositDrawDownPost -->
  <testcase classname="api.DepositApiTest" name="depositTermDepositTermDepositEnquiryPost" time="0.257"/>
  <testcase classname="api.DepositApiTest" name="depositTermDepositTermDepositRenewalPost" time="0.169">
    <failure type="java.lang.AssertionError" message="expected [200] but found [202]">
      <![CDATA[java.lang.AssertionError: expected [200] but found [202]
	at api.DepositApiTest.depositTermDepositTermDepositRenewalPost(DepositApiTest.java:385)
	at java.base/java.util.concurrent.FutureTask.run(FutureTask.java:264)
	at java.base/java.util.concurrent.ThreadPoolExecutor.runWorker(ThreadPoolExecutor.java:1128)
	at java.base/java.util.concurrent.ThreadPoolExecutor$Worker.run(ThreadPoolExecutor.java:628)
	at java.base/java.lang.Thread.run(Thread.java:835)
... Removed 21 stack frames]]>
    </failure>
  </testcase> <!-- depositTermDepositTermDepositRenewalPost -->
  <testcase classname="api.DepositApiTest" name="depositTransactionChequeBookCreationPost" time="0.224"/>
  <testcase classname="api.DepositApiTest" name="depositTransactionDepositPost" time="0.412"/>
  <testcase classname="api.DepositApiTest" name="depositTransactionLogEnquiryPost" time="0.443"/>
  <testcase classname="api.DepositApiTest" name="depositTransactionTransferPost" time="0.473"/>
  <testcase classname="api.DepositApiTest" name="depositTransactionWithdrawalPost" time="0.31"/>
  <testcase classname="api.DepositApiTest" name="depositVaccountAccountBalancePost" time="0.161"/>
  <testcase classname="api.DepositApiTest" name="depositVaccountAccountNumberExistsPost" time="0.165"/>
  <testcase classname="api.DepositApiTest" name="depositVaccountAmountFormatPost" time="0.112"/>
  <testcase classname="api.DepositApiTest" name="depositVaccountAssociatedAccountsPost" time="0.169"/>
  <testcase classname="api.DepositApiTest" name="depositVaccountCurAccountTypePost" time="0.096"/>
  <testcase classname="api.DepositApiTest" name="depositVaccountCurrencyGet" time="0.091"/>
  <testcase classname="api.DepositApiTest" name="depositVaccountFexAccountTypePost" time="0.111"/>
  <testcase classname="api.DepositApiTest" name="depositVaccountFundAccountTypePost" time="0.11"/>
  <testcase classname="api.DepositApiTest" name="depositVaccountMetAccountTypePost" time="0.106"/>
  <testcase classname="api.DepositApiTest" name="depositVaccountSavOrCurTypePost" time="0.113"/>
  <testcase classname="api.DepositApiTest" name="depositVaccountStockAccountTypePost" time="0.111"/>
  <testcase classname="api.DepositApiTest" name="depositVaccountTdAccountTypePost" time="0.123"/>
  <testcase classname="api.DepositApiTest" name="depositVcustomerEmailFormatPost" time="0.095"/>
  <testcase classname="api.DepositApiTest" name="depositVcustomerExistingCustomerGet" time="0.104"/>
  <testcase classname="api.DepositApiTest" name="depositVcustomerIdFormatGet" time="0.082"/>
  <testcase classname="api.DepositApiTest" name="depositVcustomerPhoneNumberFormatGet" time="0.091"/>
  <testcase classname="api.DepositApiTest" name="depositVtermDepositContractPeriodGet" time="0.098"/>
  <testcase classname="api.DepositApiTest" name="depositVtermDepositTdNumberExistsGet" time="0.183"/>
  <testcase classname="api.DepositApiTest" name="depositVtransactionDateFormatGet" time="0.092"/>
  <testcase classname="api.DepositApiTest" name="depositVtransactionTransTypeGet" time="0.119"/>
  <testcase classname="api.ForeignExchangeApiTest" name="depositAccountEnquiryAccountDetailsGet" time="0.338">
    <failure type="java.lang.AssertionError" message="expected [200] but found [415]">
      <![CDATA[java.lang.AssertionError: expected [200] but found [415]
	at api.ForeignExchangeApiTest.depositAccountEnquiryAccountDetailsGet(ForeignExchangeApiTest.java:35)
	at java.base/java.util.concurrent.FutureTask.run(FutureTask.java:264)
	at java.base/java.util.concurrent.ThreadPoolExecutor.runWorker(ThreadPoolExecutor.java:1128)
	at java.base/java.util.concurrent.ThreadPoolExecutor$Worker.run(ThreadPoolExecutor.java:628)
	at java.base/java.lang.Thread.run(Thread.java:835)
... Removed 21 stack frames]]>
    </failure>
  </testcase> <!-- depositAccountEnquiryAccountDetailsGet -->
  <testcase classname="api.InvestmentApiTest" name="investmentCancellationPost" time="0.48">
    <failure type="java.lang.AssertionError" message="expected [200] but found [404]">
      <![CDATA[java.lang.AssertionError: expected [200] but found [404]
	at api.InvestmentApiTest.investmentCancellationPost(InvestmentApiTest.java:138)
	at java.base/java.util.concurrent.FutureTask.run(FutureTask.java:264)
	at java.base/java.util.concurrent.ThreadPoolExecutor.runWorker(ThreadPoolExecutor.java:1128)
	at java.base/java.util.concurrent.ThreadPoolExecutor$Worker.run(ThreadPoolExecutor.java:628)
	at java.base/java.lang.Thread.run(Thread.java:835)
... Removed 21 stack frames]]>
    </failure>
  </testcase> <!-- investmentCancellationPost -->
  <testcase classname="api.InvestmentApiTest" name="investmentFundAccountOpeningPost" time="0.313">
    <failure type="java.lang.AssertionError" message="expected [200] but found [403]">
      <![CDATA[java.lang.AssertionError: expected [200] but found [403]
	at api.InvestmentApiTest.investmentFundAccountOpeningPost(InvestmentApiTest.java:57)
	at java.base/java.util.concurrent.FutureTask.run(FutureTask.java:264)
	at java.base/java.util.concurrent.ThreadPoolExecutor.runWorker(ThreadPoolExecutor.java:1128)
	at java.base/java.util.concurrent.ThreadPoolExecutor$Worker.run(ThreadPoolExecutor.java:628)
	at java.base/java.lang.Thread.run(Thread.java:835)
... Removed 21 stack frames]]>
    </failure>
  </testcase> <!-- investmentFundAccountOpeningPost -->
  <testcase classname="api.InvestmentApiTest" name="investmentFundQuotationGet" time="0.154"/>
  <testcase classname="api.InvestmentApiTest" name="investmentHoldingEnquiryPost" time="0.089">
    <failure type="java.lang.AssertionError" message="expected [200] but found [403]">
      <![CDATA[java.lang.AssertionError: expected [200] but found [403]
	at api.InvestmentApiTest.investmentHoldingEnquiryPost(InvestmentApiTest.java:76)
	at java.base/java.util.concurrent.FutureTask.run(FutureTask.java:264)
	at java.base/java.util.concurrent.ThreadPoolExecutor.runWorker(ThreadPoolExecutor.java:1128)
	at java.base/java.util.concurrent.ThreadPoolExecutor$Worker.run(ThreadPoolExecutor.java:628)
	at java.base/java.lang.Thread.run(Thread.java:835)
... Removed 21 stack frames]]>
    </failure>
  </testcase> <!-- investmentHoldingEnquiryPost -->
  <testcase classname="api.InvestmentApiTest" name="investmentOrderDetailRetrievalsByIdPost" time="0.468"/>
  <testcase classname="api.InvestmentApiTest" name="investmentOrderInfoUpdatePost" time="0.084">
    <failure type="java.lang.AssertionError" message="expected [200] but found [403]">
      <![CDATA[java.lang.AssertionError: expected [200] but found [403]
	at api.InvestmentApiTest.investmentOrderInfoUpdatePost(InvestmentApiTest.java:177)
	at java.base/java.util.concurrent.FutureTask.run(FutureTask.java:264)
	at java.base/java.util.concurrent.ThreadPoolExecutor.runWorker(ThreadPoolExecutor.java:1128)
	at java.base/java.util.concurrent.ThreadPoolExecutor$Worker.run(ThreadPoolExecutor.java:628)
	at java.base/java.lang.Thread.run(Thread.java:835)
... Removed 21 stack frames]]>
    </failure>
  </testcase> <!-- investmentOrderInfoUpdatePost -->
  <testcase classname="api.InvestmentApiTest" name="investmentOrderPlacingPost" time="0.146">
    <failure type="java.lang.AssertionError" message="expected [200] but found [202]">
      <![CDATA[java.lang.AssertionError: expected [200] but found [202]
	at api.InvestmentApiTest.investmentOrderPlacingPost(InvestmentApiTest.java:238)
	at java.base/java.util.concurrent.FutureTask.run(FutureTask.java:264)
	at java.base/java.util.concurrent.ThreadPoolExecutor.runWorker(ThreadPoolExecutor.java:1128)
	at java.base/java.util.concurrent.ThreadPoolExecutor$Worker.run(ThreadPoolExecutor.java:628)
	at java.base/java.lang.Thread.run(Thread.java:835)
... Removed 21 stack frames]]>
    </failure>
  </testcase> <!-- investmentOrderPlacingPost -->
  <testcase classname="api.InvestmentApiTest" name="investmentOrderRetrievalPost" time="0.084">
    <failure type="java.lang.AssertionError" message="expected [200] but found [403]">
      <![CDATA[java.lang.AssertionError: expected [200] but found [403]
	at api.InvestmentApiTest.investmentOrderRetrievalPost(InvestmentApiTest.java:196)
	at java.base/java.util.concurrent.FutureTask.run(FutureTask.java:264)
	at java.base/java.util.concurrent.ThreadPoolExecutor.runWorker(ThreadPoolExecutor.java:1128)
	at java.base/java.util.concurrent.ThreadPoolExecutor$Worker.run(ThreadPoolExecutor.java:628)
	at java.base/java.lang.Thread.run(Thread.java:835)
... Removed 21 stack frames]]>
    </failure>
  </testcase> <!-- investmentOrderRetrievalPost -->
  <testcase classname="api.InvestmentApiTest" name="investmentOrderStatusUpdatePost" time="0.126">
    <failure type="java.lang.AssertionError" message="expected [200] but found [202]">
      <![CDATA[java.lang.AssertionError: expected [200] but found [202]
	at api.InvestmentApiTest.investmentOrderStatusUpdatePost(InvestmentApiTest.java:216)
	at java.base/java.util.concurrent.FutureTask.run(FutureTask.java:264)
	at java.base/java.util.concurrent.ThreadPoolExecutor.runWorker(ThreadPoolExecutor.java:1128)
	at java.base/java.util.concurrent.ThreadPoolExecutor$Worker.run(ThreadPoolExecutor.java:628)
	at java.base/java.lang.Thread.run(Thread.java:835)
... Removed 21 stack frames]]>
    </failure>
  </testcase> <!-- investmentOrderStatusUpdatePost -->
  <testcase classname="api.InvestmentApiTest" name="investmentRedemptionPost" time="0.114">
    <failure type="java.lang.AssertionError" message="expected [200] but found [403]">
      <![CDATA[java.lang.AssertionError: expected [200] but found [403]
	at api.InvestmentApiTest.investmentRedemptionPost(InvestmentApiTest.java:95)
	at java.base/java.util.concurrent.FutureTask.run(FutureTask.java:264)
	at java.base/java.util.concurrent.ThreadPoolExecutor.runWorker(ThreadPoolExecutor.java:1128)
	at java.base/java.util.concurrent.ThreadPoolExecutor$Worker.run(ThreadPoolExecutor.java:628)
	at java.base/java.lang.Thread.run(Thread.java:835)
... Removed 21 stack frames]]>
    </failure>
  </testcase> <!-- investmentRedemptionPost -->
  <testcase classname="api.InvestmentApiTest" name="investmentSettlementAccountUpdatePost" time="0.315"/>
  <testcase classname="api.InvestmentApiTest" name="investmentStkAccountOpeningPost" time="0.094">
    <failure type="java.lang.AssertionError" message="expected [200] but found [403]">
      <![CDATA[java.lang.AssertionError: expected [200] but found [403]
	at api.InvestmentApiTest.investmentStkAccountOpeningPost(InvestmentApiTest.java:276)
	at java.base/java.util.concurrent.FutureTask.run(FutureTask.java:264)
	at java.base/java.util.concurrent.ThreadPoolExecutor.runWorker(ThreadPoolExecutor.java:1128)
	at java.base/java.util.concurrent.ThreadPoolExecutor$Worker.run(ThreadPoolExecutor.java:628)
	at java.base/java.lang.Thread.run(Thread.java:835)
... Removed 21 stack frames]]>
    </failure>
  </testcase> <!-- investmentStkAccountOpeningPost -->
  <testcase classname="api.InvestmentApiTest" name="investmentStockListGet" time="0.222"/>
  <testcase classname="api.InvestmentApiTest" name="investmentStockQuotationPost" time="0.1">
    <failure type="java.lang.AssertionError" message="expected [200] but found [403]">
      <![CDATA[java.lang.AssertionError: expected [200] but found [403]
	at api.InvestmentApiTest.investmentStockQuotationPost(InvestmentApiTest.java:335)
	at java.base/java.util.concurrent.FutureTask.run(FutureTask.java:264)
	at java.base/java.util.concurrent.ThreadPoolExecutor.runWorker(ThreadPoolExecutor.java:1128)
	at java.base/java.util.concurrent.ThreadPoolExecutor$Worker.run(ThreadPoolExecutor.java:628)
	at java.base/java.lang.Thread.run(Thread.java:835)
... Removed 21 stack frames]]>
    </failure>
  </testcase> <!-- investmentStockQuotationPost -->
  <testcase classname="api.InvestmentApiTest" name="investmentSubscriptionPost" time="1.172"/>
  <testcase classname="api.LoadApiTest" name="leonMortageAccountDetailEnquiryPost" time="0.616"/>
  <testcase classname="api.LoadApiTest" name="leonMortageCancellationPost" time="0.115">
    <failure type="java.lang.AssertionError" message="expected [200] but found [500]">
      <![CDATA[java.lang.AssertionError: expected [200] but found [500]
	at api.LoadApiTest.leonMortageCancellationPost(LoadApiTest.java:66)
	at java.base/java.util.concurrent.FutureTask.run(FutureTask.java:264)
	at java.base/java.util.concurrent.ThreadPoolExecutor.runWorker(ThreadPoolExecutor.java:1128)
	at java.base/java.util.concurrent.ThreadPoolExecutor$Worker.run(ThreadPoolExecutor.java:628)
	at java.base/java.lang.Thread.run(Thread.java:835)
... Removed 21 stack frames]]>
    </failure>
  </testcase> <!-- leonMortageCancellationPost -->
  <testcase classname="api.LoadApiTest" name="leonMortageLoanCalculaterPost" time="0.115"/>
  <testcase classname="api.LoadApiTest" name="leonMortageMortgageLoanAccountOpeningPost" time="0.181"/>
  <testcase classname="api.LoadApiTest" name="leonMortageMortgageLoanApplicationPost" time="0.131">
    <failure type="java.lang.AssertionError" message="expected [200] but found [500]">
      <![CDATA[java.lang.AssertionError: expected [200] but found [500]
	at api.LoadApiTest.leonMortageMortgageLoanApplicationPost(LoadApiTest.java:120)
	at java.base/java.util.concurrent.FutureTask.run(FutureTask.java:264)
	at java.base/java.util.concurrent.ThreadPoolExecutor.runWorker(ThreadPoolExecutor.java:1128)
	at java.base/java.util.concurrent.ThreadPoolExecutor$Worker.run(ThreadPoolExecutor.java:628)
	at java.base/java.lang.Thread.run(Thread.java:835)
... Removed 21 stack frames]]>
    </failure>
  </testcase> <!-- leonMortageMortgageLoanApplicationPost -->
  <testcase classname="api.LoadApiTest" name="leonMortageNextRepaymentEnquiryPost" time="0.139"/>
  <testcase classname="api.LoadApiTest" name="leonMortageOverDueRepaymentEnquiryPost" time="0.342"/>
  <testcase classname="api.LoadApiTest" name="leonMortageRepaymentPlanPost" time="0.163"/>
  <testcase classname="api.LoadApiTest" name="leonMortageRepaymentPost" time="0.349"/>
  <testcase classname="api.LoadApiTest" name="leonMortageTransactionEnquiryPost" time="0.144"/>
  <testcase classname="api.SysadminApiTest" name="sysadminAdminControllerLoginInPost" time="0.118"/>
  <testcase classname="api.SysadminApiTest" name="sysadminAuthorityControllerAppDockerForDeveloperPost" time="0.239">
    <failure type="java.lang.AssertionError" message="expected [200] but found [500]">
      <![CDATA[java.lang.AssertionError: expected [200] but found [500]
	at api.SysadminApiTest.sysadminAuthorityControllerAppDockerForDeveloperPost(SysadminApiTest.java:56)
	at java.base/java.util.concurrent.FutureTask.run(FutureTask.java:264)
	at java.base/java.util.concurrent.ThreadPoolExecutor.runWorker(ThreadPoolExecutor.java:1128)
	at java.base/java.util.concurrent.ThreadPoolExecutor$Worker.run(ThreadPoolExecutor.java:628)
	at java.base/java.lang.Thread.run(Thread.java:835)
... Removed 21 stack frames]]>
    </failure>
  </testcase> <!-- sysadminAuthorityControllerAppDockerForDeveloperPost -->
  <testcase classname="api.SysadminApiTest" name="sysadminAuthorityControllerDeveloperAuthorizationPost" time="0.13"/>
  <testcase classname="api.SysadminApiTest" name="sysadminAuthorityControllerGetSandBoxPost" time="0.097"/>
  <testcase classname="api.SysadminApiTest" name="sysadminBranchCodeSearchControllerGetBranchCodeTableGet" time="0.104"/>
  <testcase classname="api.SysadminApiTest" name="sysadminBranchCodeSearchControllerGetBranchCodeTableInfoPost" time="0.732">
    <failure type="java.lang.AssertionError" message="expected [true] but found [false]">
      <![CDATA[java.lang.AssertionError: expected [true] but found [false]
	at common.JsonSchemaUtils.assertJsonSchema(JsonSchemaUtils.java:34)
	at common.JsonSchemaUtils.assertResponseJsonSchema(JsonSchemaUtils.java:40)
	at api.SysadminApiTest.sysadminBranchCodeSearchControllerGetBranchCodeTableInfoPost(SysadminApiTest.java:132)
	at java.base/java.util.concurrent.FutureTask.run(FutureTask.java:264)
	at java.base/java.util.concurrent.ThreadPoolExecutor.runWorker(ThreadPoolExecutor.java:1128)
	at java.base/java.util.concurrent.ThreadPoolExecutor$Worker.run(ThreadPoolExecutor.java:628)
	at java.base/java.lang.Thread.run(Thread.java:835)
... Removed 20 stack frames]]>
    </failure>
  </testcase> <!-- sysadminBranchCodeSearchControllerGetBranchCodeTableInfoPost -->
  <testcase classname="api.SysadminApiTest" name="sysadminCurrencyControllerCurrencyRetrievalGet" time="0.09"/>
  <testcase classname="api.SysadminApiTest" name="sysadminGenerateAvailableControllerlGetNextAvailableNumberGet" time="0.091"/>
  <testcase classname="api.SysadminApiTest" name="sysadminLbsSdkControllerDownloadsdkGet" time="0.101">
    <failure type="java.lang.AssertionError" message="expected [200] but found [500]">
      <![CDATA[java.lang.AssertionError: expected [200] but found [500]
	at api.SysadminApiTest.sysadminLbsSdkControllerDownloadsdkGet(SysadminApiTest.java:190)
	at java.base/java.util.concurrent.FutureTask.run(FutureTask.java:264)
	at java.base/java.util.concurrent.ThreadPoolExecutor.runWorker(ThreadPoolExecutor.java:1128)
	at java.base/java.util.concurrent.ThreadPoolExecutor$Worker.run(ThreadPoolExecutor.java:628)
	at java.base/java.lang.Thread.run(Thread.java:835)
... Removed 21 stack frames]]>
    </failure>
  </testcase> <!-- sysadminLbsSdkControllerDownloadsdkGet -->
  <testcase classname="api.SysadminApiTest" name="sysadminLoginControllerAuthorizeGet" time="0.099">
    <failure type="java.lang.AssertionError" message="expected [200] but found [403]">
      <![CDATA[java.lang.AssertionError: expected [200] but found [403]
	at api.SysadminApiTest.sysadminLoginControllerAuthorizeGet(SysadminApiTest.java:211)
	at java.base/java.util.concurrent.FutureTask.run(FutureTask.java:264)
	at java.base/java.util.concurrent.ThreadPoolExecutor.runWorker(ThreadPoolExecutor.java:1128)
	at java.base/java.util.concurrent.ThreadPoolExecutor$Worker.run(ThreadPoolExecutor.java:628)
	at java.base/java.lang.Thread.run(Thread.java:835)
... Removed 21 stack frames]]>
    </failure>
  </testcase> <!-- sysadminLoginControllerAuthorizeGet -->
  <testcase classname="api.SysadminApiTest" name="sysadminLoginControllerLoginInPost" time="0.091">
    <failure type="java.lang.AssertionError" message="expected [200] but found [202]">
      <![CDATA[java.lang.AssertionError: expected [200] but found [202]
	at api.SysadminApiTest.sysadminLoginControllerLoginInPost(SysadminApiTest.java:229)
	at java.base/java.util.concurrent.FutureTask.run(FutureTask.java:264)
	at java.base/java.util.concurrent.ThreadPoolExecutor.runWorker(ThreadPoolExecutor.java:1128)
	at java.base/java.util.concurrent.ThreadPoolExecutor$Worker.run(ThreadPoolExecutor.java:628)
	at java.base/java.lang.Thread.run(Thread.java:835)
... Removed 21 stack frames]]>
    </failure>
  </testcase> <!-- sysadminLoginControllerLoginInPost -->
  <testcase classname="api.SysadminApiTest" name="sysadminLoginControllerUserCreationPost" time="0.088">
    <failure type="java.lang.AssertionError" message="expected [200] but found [202]">
      <![CDATA[java.lang.AssertionError: expected [200] but found [202]
	at api.SysadminApiTest.sysadminLoginControllerUserCreationPost(SysadminApiTest.java:245)
	at java.base/java.util.concurrent.FutureTask.run(FutureTask.java:264)
	at java.base/java.util.concurrent.ThreadPoolExecutor.runWorker(ThreadPoolExecutor.java:1128)
	at java.base/java.util.concurrent.ThreadPoolExecutor$Worker.run(ThreadPoolExecutor.java:628)
	at java.base/java.lang.Thread.run(Thread.java:835)
... Removed 21 stack frames]]>
    </failure>
  </testcase> <!-- sysadminLoginControllerUserCreationPost -->
  <testcase classname="api.SysadminApiTest" name="sysadminSandBoxSearchControllerGetSandBoxTableGet" time="0.095"/>
  <testcase classname="api.SysadminApiTest" name="sysadminSandBoxSearchControllerGetSandBoxTableInfoPost" time="0.102">
    <failure type="java.lang.AssertionError" message="expected [200] but found [404]">
      <![CDATA[java.lang.AssertionError: expected [200] but found [404]
	at api.SysadminApiTest.sysadminSandBoxSearchControllerGetSandBoxTableInfoPost(SysadminApiTest.java:279)
	at java.base/java.util.concurrent.FutureTask.run(FutureTask.java:264)
	at java.base/java.util.concurrent.ThreadPoolExecutor.runWorker(ThreadPoolExecutor.java:1128)
	at java.base/java.util.concurrent.ThreadPoolExecutor$Worker.run(ThreadPoolExecutor.java:628)
	at java.base/java.lang.Thread.run(Thread.java:835)
... Removed 21 stack frames]]>
    </failure>
  </testcase> <!-- sysadminSandBoxSearchControllerGetSandBoxTableInfoPost -->
  <testcase classname="api.SysadminApiTest" name="sysadminSysConfigControllerGetSystemParameterPost" time="0.085"/>
</testsuite> <!-- TestName -->
