<?xml version="1.0" encoding="UTF-8"?>
<!-- Generated by org.testng.reporters.JUnitReportReporter -->
<testsuite hostname="LAPTOP-D2BFLFER" failures="0" tests="15" name="api.SysadminApiTest" time="10.750" errors="0" timestamp="20 8月 2019 07:15:38 GMT" skipped="3">
  <testcase classname="api.SysadminApiTest" name="sysadminSysConfigControllerGetSystemParameterPost" time="0.681"/>
  <testcase classname="api.SysadminApiTest" name="sysadminGenerateAvailableControllerlGetNextAvailableNumberGet" time="1.760"/>
  <testcase classname="api.SysadminApiTest" name="sysadminAuthorityControllerDeveloperAuthorizationPost" time="0.919"/>
  <testcase classname="api.SysadminApiTest" name="sysadminCurrencyControllerCurrencyRetrievalGet" time="0.934"/>
  <testcase classname="api.SysadminApiTest" name="sysadminLoginControllerAuthorizeGet" time="0.984"/>
  <testcase classname="api.SysadminApiTest" name="sysadminBranchCodeSearchControllerGetBranchCodeTableGet" time="0.738"/>
  <testcase classname="api.SysadminApiTest" name="sysadminLoginControllerLoginInPost" time="0.703"/>
  <testcase classname="api.SysadminApiTest" name="sysadminAuthorityControllerAppDockerForDeveloperPost" time="0.690"/>
  <testcase classname="api.SysadminApiTest" name="sysadminAuthorityControllerGetSandBoxPost" time="0.709"/>
  <testcase classname="api.SysadminApiTest" name="sysadminSandBoxSearchControllerGetSandBoxTableGet" time="0.711"/>
  <testcase classname="api.SysadminApiTest" name="sysadminAdminControllerLoginInPost" time="0.892"/>
  <testcase classname="api.SysadminApiTest" name="sysadminSandBoxSearchControllerGetSandBoxTableInfoPost" time="1.029"/>
  <testcase classname="api.SysadminApiTest" name="sysadminLbsSdkControllerDownloadsdkGet">
    <skipped/>
  </testcase> <!-- sysadminLbsSdkControllerDownloadsdkGet -->
  <testcase classname="api.SysadminApiTest" name="sysadminLoginControllerUserCreationPost">
    <skipped/>
  </testcase> <!-- sysadminLoginControllerUserCreationPost -->
  <testcase classname="api.SysadminApiTest" name="sysadminBranchCodeSearchControllerGetBranchCodeTableInfoPost">
    <skipped/>
  </testcase> <!-- sysadminBranchCodeSearchControllerGetBranchCodeTableInfoPost -->
</testsuite> <!-- api.SysadminApiTest -->
