<?xml version="1.0" encoding="UTF-8"?>
<!-- Generated by org.testng.reporters.JUnitReportReporter -->
<testsuite hostname="LAPTOP-D2BFLFER" failures="0" tests="15" name="api.SysadminApiTest" time="12.164" errors="0" timestamp="20 8月 2019 07:11:01 GMT" skipped="3">
  <testcase classname="api.SysadminApiTest" name="sysadminLoginControllerLoginInPost" time="0.880"/>
  <testcase classname="api.SysadminApiTest" name="sysadminCurrencyControllerCurrencyRetrievalGet" time="0.704"/>
  <testcase classname="api.SysadminApiTest" name="sysadminSandBoxSearchControllerGetSandBoxTableGet" time="1.360"/>
  <testcase classname="api.SysadminApiTest" name="sysadminAuthorityControllerGetSandBoxPost" time="0.843"/>
  <testcase classname="api.SysadminApiTest" name="sysadminSysConfigControllerGetSystemParameterPost" time="2.614"/>
  <testcase classname="api.SysadminApiTest" name="sysadminAdminControllerLoginInPost" time="0.745"/>
  <testcase classname="api.SysadminApiTest" name="sysadminSandBoxSearchControllerGetSandBoxTableInfoPost" time="0.930"/>
  <testcase classname="api.SysadminApiTest" name="sysadminBranchCodeSearchControllerGetBranchCodeTableGet" time="0.757"/>
  <testcase classname="api.SysadminApiTest" name="sysadminLoginControllerAuthorizeGet" time="0.908"/>
  <testcase classname="api.SysadminApiTest" name="sysadminAuthorityControllerDeveloperAuthorizationPost" time="0.951"/>
  <testcase classname="api.SysadminApiTest" name="sysadminGenerateAvailableControllerlGetNextAvailableNumberGet" time="0.762"/>
  <testcase classname="api.SysadminApiTest" name="sysadminAuthorityControllerAppDockerForDeveloperPost" time="0.710"/>
  <testcase classname="api.SysadminApiTest" name="sysadminLbsSdkControllerDownloadsdkGet">
    <skipped/>
  </testcase> <!-- sysadminLbsSdkControllerDownloadsdkGet -->
  <testcase classname="api.SysadminApiTest" name="sysadminLoginControllerUserCreationPost">
    <skipped/>
  </testcase> <!-- sysadminLoginControllerUserCreationPost -->
  <testcase classname="api.SysadminApiTest" name="sysadminBranchCodeSearchControllerGetBranchCodeTableInfoPost">
    <skipped/>
  </testcase> <!-- sysadminBranchCodeSearchControllerGetBranchCodeTableInfoPost -->
</testsuite> <!-- api.SysadminApiTest -->
